<?xml version="1.0" encoding="UTF-8"?>
<coverage generated="1789360137153" clover="3.2.0">
  <project timestamp="1789360137153" name="All files">
    <metrics statements="301" coveredstatements="301" conditionals="151" coveredconditionals="151" methods="97" coveredmethods="97" elements="549" coveredelements="549" complexity="0" loc="301" ncloc="301" packages="5" files="33" classes="33"/>
    <package name="app">
      <metrics statements="6" coveredstatements="6" conditionals="0" coveredconditionals="0" methods="3" coveredmethods="3"/>
      <file name="layout.tsx" path="/home/runner/work/hacker-news-japan/hacker-news-japan/src/app/layout.tsx">
        <metrics statements="4" coveredstatements="4" conditionals="0" coveredconditionals="0" methods="1" coveredmethods="1"/>
        <line num="5" count="1" type="stmt"/>
        <line num="13" count="1" type="stmt"/>
        <line num="21" count="1" type="stmt"/>
        <line num="34" count="1" type="stmt"/>
      </file>
      <file name="loading.tsx" path="/home/runner/work/hacker-news-japan/hacker-news-japan/src/app/loading.tsx">
        <metrics statements="1" coveredstatements="1" conditionals="0" coveredconditionals="0" methods="1" coveredmethods="1"/>
        <line num="4" count="1" type="stmt"/>
      </file>
      <file name="page.tsx" path="/home/runner/work/hacker-news-japan/hacker-news-japan/src/app/page.tsx">
        <metrics statements="1" coveredstatements="1" conditionals="0" coveredconditionals="0" methods="1" coveredmethods="1"/>
        <line num="6" count="1" type="stmt"/>
      </file>
    </package>
    <package name="components.dashboard">
      <metrics statements="59" coveredstatements="59" conditionals="58" coveredconditionals="58" methods="26" coveredmethods="26"/>
      <file name="Dashboard.tsx" path="/home/runner/work/hacker-news-japan/hacker-news-japan/src/components/dashboard/Dashboard.tsx">
        <metrics statements="2" coveredstatements="2" conditionals="6" coveredconditionals="6" methods="1" coveredmethods="1"/>
        <line num="26" count="3" type="stmt"/>
        <line num="28" count="3" type="stmt"/>
      </file>
      <file name="DashboardSkeleton.tsx" path="/home/runner/work/hacker-news-japan/hacker-news-japan/src/components/dashboard/DashboardSkeleton.tsx">
        <metrics statements="1" coveredstatements="1" conditionals="0" coveredconditionals="0" methods="1" coveredmethods="1"/>
        <line num="7" count="1" type="stmt"/>
      </file>
      <file name="FilterBar.tsx" path="/home/runner/work/hacker-news-japan/hacker-news-japan/src/components/dashboard/FilterBar.tsx">
        <metrics statements="5" coveredstatements="5" conditionals="2" coveredconditionals="2" methods="5" coveredmethods="5"/>
        <line num="27" count="8" type="stmt"/>
        <line num="34" count="3" type="cond" truecount="2" falsecount="0"/>
        <line num="38" count="40" type="stmt"/>
        <line num="56" count="2" type="stmt"/>
        <line num="66" count="40" type="stmt"/>
      </file>
      <file name="Pagination.tsx" path="/home/runner/work/hacker-news-japan/hacker-news-japan/src/components/dashboard/Pagination.tsx">
        <metrics statements="13" coveredstatements="13" conditionals="12" coveredconditionals="12" methods="5" coveredmethods="5"/>
        <line num="26" count="15" type="cond" truecount="4" falsecount="0"/>
        <line num="27" count="3" type="stmt"/>
        <line num="30" count="12" type="stmt"/>
        <line num="31" count="12" type="stmt"/>
        <line num="32" count="12" type="stmt"/>
        <line num="33" count="12" type="stmt"/>
        <line num="35" count="12" type="stmt"/>
        <line num="42" count="2" type="stmt"/>
        <line num="56" count="45" type="stmt"/>
        <line num="57" count="45" type="stmt"/>
        <line num="58" count="45" type="stmt"/>
        <line num="63" count="3" type="stmt"/>
        <line num="83" count="1" type="stmt"/>
      </file>
      <file name="ResultsHeader.tsx" path="/home/runner/work/hacker-news-japan/hacker-news-japan/src/components/dashboard/ResultsHeader.tsx">
        <metrics statements="6" coveredstatements="6" conditionals="8" coveredconditionals="8" methods="1" coveredmethods="1"/>
        <line num="13" count="7" type="cond" truecount="2" falsecount="0"/>
        <line num="14" count="2" type="stmt"/>
        <line num="17" count="5" type="cond" truecount="2" falsecount="0"/>
        <line num="18" count="2" type="stmt"/>
        <line num="21" count="3" type="stmt"/>
        <line num="23" count="3" type="stmt"/>
      </file>
      <file name="SearchBar.tsx" path="/home/runner/work/hacker-news-japan/hacker-news-japan/src/components/dashboard/SearchBar.tsx">
        <metrics statements="5" coveredstatements="5" conditionals="3" coveredconditionals="3" methods="3" coveredmethods="3"/>
        <line num="23" count="5" type="stmt"/>
        <line num="25" count="5" type="stmt"/>
        <line num="38" count="1" type="stmt"/>
        <line num="47" count="1" type="stmt"/>
        <line num="48" count="1" type="stmt"/>
      </file>
      <file name="SortControls.tsx" path="/home/runner/work/hacker-news-japan/hacker-news-japan/src/components/dashboard/SortControls.tsx">
        <metrics statements="3" coveredstatements="3" conditionals="2" coveredconditionals="2" methods="3" coveredmethods="3"/>
        <line num="13" count="8" type="stmt"/>
        <line num="22" count="3" type="cond" truecount="2" falsecount="0"/>
        <line num="26" count="40" type="stmt"/>
      </file>
      <file name="StoryCard.tsx" path="/home/runner/work/hacker-news-japan/hacker-news-japan/src/components/dashboard/StoryCard.tsx">
        <metrics statements="15" coveredstatements="15" conditionals="19" coveredconditionals="19" methods="3" coveredmethods="3"/>
        <line num="15" count="1" type="stmt"/>
        <line num="39" count="10" type="cond" truecount="2" falsecount="0"/>
        <line num="40" count="8" type="cond" truecount="2" falsecount="0"/>
        <line num="41" count="7" type="cond" truecount="2" falsecount="0"/>
        <line num="42" count="6" type="stmt"/>
        <line num="46" count="10" type="cond" truecount="2" falsecount="0"/>
        <line num="47" count="9" type="stmt"/>
        <line num="48" count="9" type="stmt"/>
        <line num="49" count="8" type="cond" truecount="4" falsecount="0"/>
        <line num="51" count="1" type="stmt"/>
        <line num="56" count="10" type="stmt"/>
        <line num="57" count="10" type="stmt"/>
        <line num="58" count="10" type="stmt"/>
        <line num="59" count="10" type="stmt"/>
        <line num="61" count="10" type="stmt"/>
      </file>
      <file name="StoryCardSkeleton.tsx" path="/home/runner/work/hacker-news-japan/hacker-news-japan/src/components/dashboard/StoryCardSkeleton.tsx">
        <metrics statements="1" coveredstatements="1" conditionals="0" coveredconditionals="0" methods="1" coveredmethods="1"/>
        <line num="8" count="28" type="stmt"/>
      </file>
      <file name="StoryGrid.tsx" path="/home/runner/work/hacker-news-japan/hacker-news-japan/src/components/dashboard/StoryGrid.tsx">
        <metrics statements="8" coveredstatements="8" conditionals="6" coveredconditionals="6" methods="3" coveredmethods="3"/>
        <line num="22" count="1" type="stmt"/>
        <line num="24" count="10" type="cond" truecount="2" falsecount="0"/>
        <line num="25" count="3" type="stmt"/>
        <line num="28" count="27" type="stmt"/>
        <line num="35" count="7" type="cond" truecount="4" falsecount="0"/>
        <line num="36" count="3" type="stmt"/>
        <line num="53" count="4" type="stmt"/>
        <line num="56" count="4" type="stmt"/>
      </file>
    </package>
    <package name="components.ui">
      <metrics statements="116" coveredstatements="116" conditionals="29" coveredconditionals="29" methods="43" coveredmethods="43"/>
      <file name="badge.tsx" path="/home/runner/work/hacker-news-japan/hacker-news-japan/src/components/ui/badge.tsx">
        <metrics statements="2" coveredstatements="2" conditionals="0" coveredconditionals="0" methods="1" coveredmethods="1"/>
        <line num="6" count="2" type="stmt"/>
        <line num="31" count="11" type="stmt"/>
      </file>
      <file name="button.tsx" path="/home/runner/work/hacker-news-japan/hacker-news-japan/src/components/ui/button.tsx">
        <metrics statements="5" coveredstatements="5" conditionals="3" coveredconditionals="3" methods="1" coveredmethods="1"/>
        <line num="7" count="3" type="stmt"/>
        <line num="43" count="3" type="stmt"/>
        <line num="45" count="74" type="cond" truecount="2" falsecount="0"/>
        <line num="46" count="74" type="stmt"/>
        <line num="55" count="3" type="stmt"/>
      </file>
      <file name="card.tsx" path="/home/runner/work/hacker-news-japan/hacker-news-japan/src/components/ui/card.tsx">
        <metrics statements="18" coveredstatements="18" conditionals="0" coveredconditionals="0" methods="6" coveredmethods="6"/>
        <line num="5" count="2" type="stmt"/>
        <line num="9" count="39" type="stmt"/>
        <line num="18" count="2" type="stmt"/>
        <line num="20" count="2" type="stmt"/>
        <line num="24" count="39" type="stmt"/>
        <line num="30" count="2" type="stmt"/>
        <line num="32" count="2" type="stmt"/>
        <line num="36" count="11" type="stmt"/>
        <line num="42" count="2" type="stmt"/>
        <line num="44" count="2" type="stmt"/>
        <line num="48" count="1" type="stmt"/>
        <line num="54" count="2" type="stmt"/>
        <line num="56" count="2" type="stmt"/>
        <line num="60" count="1" type="stmt"/>
        <line num="62" count="2" type="stmt"/>
        <line num="64" count="2" type="stmt"/>
        <line num="68" count="39" type="stmt"/>
        <line num="74" count="2" type="stmt"/>
      </file>
      <file name="empty.tsx" path="/home/runner/work/hacker-news-japan/hacker-news-japan/src/components/ui/empty.tsx">
        <metrics statements="7" coveredstatements="7" conditionals="1" coveredconditionals="1" methods="6" coveredmethods="6"/>
        <line num="7" count="4" type="stmt"/>
        <line num="20" count="4" type="stmt"/>
        <line num="32" count="2" type="stmt"/>
        <line num="52" count="5" type="stmt"/>
        <line num="63" count="4" type="stmt"/>
        <line num="73" count="4" type="stmt"/>
        <line num="86" count="4" type="stmt"/>
      </file>
      <file name="input-group.tsx" path="/home/runner/work/hacker-news-japan/hacker-news-japan/src/components/ui/input-group.tsx">
        <metrics statements="11" coveredstatements="11" conditionals="6" coveredconditionals="6" methods="7" coveredmethods="7"/>
        <line num="12" count="7" type="stmt"/>
        <line num="39" count="2" type="stmt"/>
        <line num="65" count="11" type="stmt"/>
        <line num="72" count="3" type="cond" truecount="2" falsecount="0"/>
        <line num="73" count="2" type="stmt"/>
        <line num="75" count="1" type="stmt"/>
        <line num="84" count="2" type="stmt"/>
        <line num="110" count="3" type="stmt"/>
        <line num="122" count="1" type="stmt"/>
        <line num="137" count="6" type="stmt"/>
        <line num="153" count="1" type="stmt"/>
      </file>
      <file name="input.tsx" path="/home/runner/work/hacker-news-japan/hacker-news-japan/src/components/ui/input.tsx">
        <metrics statements="3" coveredstatements="3" conditionals="0" coveredconditionals="0" methods="1" coveredmethods="1"/>
        <line num="5" count="2" type="stmt"/>
        <line num="7" count="7" type="stmt"/>
        <line num="20" count="2" type="stmt"/>
      </file>
      <file name="pagination.tsx" path="/home/runner/work/hacker-news-japan/hacker-news-japan/src/components/ui/pagination.tsx">
        <metrics statements="21" coveredstatements="21" conditionals="5" coveredconditionals="5" methods="7" coveredmethods="7"/>
        <line num="7" count="3" type="stmt"/>
        <line num="8" count="13" type="stmt"/>
        <line num="15" count="3" type="stmt"/>
        <line num="17" count="3" type="stmt"/>
        <line num="21" count="13" type="stmt"/>
        <line num="27" count="3" type="stmt"/>
        <line num="29" count="3" type="stmt"/>
        <line num="33" count="85" type="stmt"/>
        <line num="35" count="3" type="stmt"/>
        <line num="42" count="3" type="stmt"/>
        <line num="48" count="3" type="stmt"/>
        <line num="60" count="3" type="stmt"/>
        <line num="62" count="3" type="stmt"/>
        <line num="66" count="1" type="stmt"/>
        <line num="76" count="3" type="stmt"/>
        <line num="78" count="3" type="stmt"/>
        <line num="82" count="1" type="stmt"/>
        <line num="92" count="3" type="stmt"/>
        <line num="94" count="3" type="stmt"/>
        <line num="98" count="1" type="stmt"/>
        <line num="107" count="3" type="stmt"/>
      </file>
      <file name="select.tsx" path="/home/runner/work/hacker-news-japan/hacker-news-japan/src/components/ui/select.tsx">
        <metrics statements="24" coveredstatements="24" conditionals="5" coveredconditionals="5" methods="7" coveredmethods="7"/>
        <line num="9" count="3" type="stmt"/>
        <line num="11" count="3" type="stmt"/>
        <line num="13" count="3" type="stmt"/>
        <line num="15" count="3" type="stmt"/>
        <line num="19" count="10" type="stmt"/>
        <line num="33" count="3" type="stmt"/>
        <line num="35" count="3" type="stmt"/>
        <line num="39" count="17" type="stmt"/>
        <line num="50" count="3" type="stmt"/>
        <line num="52" count="3" type="stmt"/>
        <line num="56" count="17" type="stmt"/>
        <line num="67" count="3" type="stmt"/>
        <line num="70" count="3" type="stmt"/>
        <line num="74" count="10" type="stmt"/>
        <line num="100" count="3" type="stmt"/>
        <line num="102" count="3" type="stmt"/>
        <line num="106" count="3" type="stmt"/>
        <line num="112" count="3" type="stmt"/>
        <line num="114" count="3" type="stmt"/>
        <line num="118" count="68" type="stmt"/>
        <line num="134" count="3" type="stmt"/>
        <line num="136" count="3" type="stmt"/>
        <line num="140" count="3" type="stmt"/>
        <line num="146" count="3" type="stmt"/>
      </file>
      <file name="separator.tsx" path="/home/runner/work/hacker-news-japan/hacker-news-japan/src/components/ui/separator.tsx">
        <metrics statements="3" coveredstatements="3" conditionals="4" coveredconditionals="4" methods="1" coveredmethods="1"/>
        <line num="8" count="2" type="stmt"/>
        <line num="16" count="40" type="stmt"/>
        <line num="29" count="2" type="stmt"/>
      </file>
      <file name="skeleton.tsx" path="/home/runner/work/hacker-news-japan/hacker-news-japan/src/components/ui/skeleton.tsx">
        <metrics statements="1" coveredstatements="1" conditionals="0" coveredconditionals="0" methods="1" coveredmethods="1"/>
        <line num="8" count="234" type="stmt"/>
      </file>
      <file name="textarea.tsx" path="/home/runner/work/hacker-news-japan/hacker-news-japan/src/components/ui/textarea.tsx">
        <metrics statements="3" coveredstatements="3" conditionals="0" coveredconditionals="0" methods="1" coveredmethods="1"/>
        <line num="5" count="2" type="stmt"/>
        <line num="9" count="2" type="stmt"/>
        <line num="20" count="2" type="stmt"/>
      </file>
      <file name="toggle-group.tsx" path="/home/runner/work/hacker-news-japan/hacker-news-japan/src/components/ui/toggle-group.tsx">
        <metrics statements="8" coveredstatements="8" conditionals="4" coveredconditionals="4" methods="2" coveredmethods="2"/>
        <line num="10" count="3" type="stmt"/>
        <line num="17" count="3" type="stmt"/>
        <line num="22" count="18" type="stmt"/>
        <line num="33" count="3" type="stmt"/>
        <line num="35" count="3" type="stmt"/>
        <line num="40" count="82" type="stmt"/>
        <line num="42" count="82" type="stmt"/>
        <line num="59" count="3" type="stmt"/>
      </file>
      <file name="toggle.tsx" path="/home/runner/work/hacker-news-japan/hacker-news-japan/src/components/ui/toggle.tsx">
        <metrics statements="4" coveredstatements="4" conditionals="0" coveredconditionals="0" methods="1" coveredmethods="1"/>
        <line num="9" count="3" type="stmt"/>
        <line num="31" count="3" type="stmt"/>
        <line num="36" count="1" type="stmt"/>
        <line num="43" count="3" type="stmt"/>
      </file>
      <file name="tooltip.tsx" path="/home/runner/work/hacker-news-japan/hacker-news-japan/src/components/ui/tooltip.tsx">
        <metrics statements="6" coveredstatements="6" conditionals="1" coveredconditionals="1" methods="1" coveredmethods="1"/>
        <line num="8" count="1" type="stmt"/>
        <line num="10" count="1" type="stmt"/>
        <line num="12" count="1" type="stmt"/>
        <line num="14" count="1" type="stmt"/>
        <line num="18" count="1" type="stmt"/>
        <line num="30" count="1" type="stmt"/>
      </file>
    </package>
    <package name="hooks">
      <metrics statements="63" coveredstatements="63" conditionals="21" coveredconditionals="21" methods="14" coveredmethods="14"/>
      <file name="useDebounce.ts" path="/home/runner/work/hacker-news-japan/hacker-news-japan/src/hooks/useDebounce.ts">
        <metrics statements="6" coveredstatements="6" conditionals="1" coveredconditionals="1" methods="4" coveredmethods="4"/>
        <line num="6" count="74" type="stmt"/>
        <line num="8" count="74" type="stmt"/>
        <line num="9" count="22" type="stmt"/>
        <line num="10" count="3" type="stmt"/>
        <line num="13" count="22" type="stmt"/>
        <line num="16" count="74" type="stmt"/>
      </file>
      <file name="useSearch.ts" path="/home/runner/work/hacker-news-japan/hacker-news-japan/src/hooks/useSearch.ts">
        <metrics statements="57" coveredstatements="57" conditionals="20" coveredconditionals="20" methods="10" coveredmethods="10"/>
        <line num="28" count="66" type="stmt"/>
        <line num="29" count="66" type="stmt"/>
        <line num="32" count="66" type="cond" truecount="2" falsecount="0"/>
        <line num="34" count="66" type="cond" truecount="2" falsecount="0"/>
        <line num="36" count="66" type="cond" truecount="2" falsecount="0"/>
        <line num="38" count="66" type="cond" truecount="2" falsecount="0"/>
        <line num="39" count="66" type="cond" truecount="2" falsecount="0"/>
        <line num="42" count="66" type="stmt"/>
        <line num="43" count="66" type="stmt"/>
        <line num="44" count="66" type="stmt"/>
        <line num="45" count="66" type="stmt"/>
        <line num="46" count="66" type="stmt"/>
        <line num="49" count="66" type="stmt"/>
        <line num="52" count="66" type="stmt"/>
        <line num="53" count="66" type="stmt"/>
        <line num="54" count="66" type="stmt"/>
        <line num="57" count="66" type="stmt"/>
        <line num="59" count="18" type="stmt"/>
        <line num="68" count="18" type="stmt"/>
        <line num="69" count="18" type="stmt"/>
        <line num="75" count="66" type="stmt"/>
        <line num="77" count="31" type="cond" truecount="2" falsecount="0"/>
        <line num="79" count="22" type="stmt"/>
        <line num="80" count="22" type="stmt"/>
        <line num="81" count="22" type="stmt"/>
        <line num="82" count="22" type="stmt"/>
        <line num="84" count="22" type="stmt"/>
        <line num="85" count="22" type="stmt"/>
        <line num="92" count="15" type="cond" truecount="2" falsecount="0"/>
        <line num="93" count="10" type="stmt"/>
        <line num="96" count="7" type="cond" truecount="2" falsecount="0"/>
        <line num="97" count="3" type="cond" truecount="2" falsecount="0"/>
        <line num="98" count="3" type="stmt"/>
        <line num="101" count="22" type="cond" truecount="2" falsecount="0"/>
        <line num="102" count="13" type="stmt"/>
        <line num="108" count="22" type="stmt"/>
        <line num="109" count="22" type="stmt"/>
        <line num="113" count="66" type="stmt"/>
        <line num="114" count="4" type="stmt"/>
        <line num="116" count="4" type="stmt"/>
        <line num="117" count="4" type="stmt"/>
        <line num="120" count="66" type="stmt"/>
        <line num="121" count="3" type="stmt"/>
        <line num="122" count="3" type="stmt"/>
        <line num="123" count="3" type="stmt"/>
        <line num="126" count="66" type="stmt"/>
        <line num="127" count="2" type="stmt"/>
        <line num="128" count="2" type="stmt"/>
        <line num="129" count="2" type="stmt"/>
        <line num="132" count="66" type="stmt"/>
        <line num="133" count="2" type="stmt"/>
        <line num="134" count="2" type="stmt"/>
        <line num="135" count="2" type="stmt"/>
        <line num="138" count="66" type="stmt"/>
        <line num="139" count="7" type="stmt"/>
        <line num="140" count="7" type="stmt"/>
        <line num="143" count="66" type="stmt"/>
      </file>
    </package>
    <package name="lib">
      <metrics statements="57" coveredstatements="57" conditionals="43" coveredconditionals="43" methods="11" coveredmethods="11"/>
      <file name="algolia.ts" path="/home/runner/work/hacker-news-japan/hacker-news-japan/src/lib/algolia.ts">
        <metrics statements="37" coveredstatements="37" conditionals="36" coveredconditionals="36" methods="7" coveredmethods="7"/>
        <line num="4" count="2" type="stmt"/>
        <line num="7" count="29" type="stmt"/>
        <line num="9" count="29" type="cond" truecount="6" falsecount="0"/>
        <line num="11" count="3" type="stmt"/>
        <line num="13" count="3" type="stmt"/>
        <line num="15" count="2" type="stmt"/>
        <line num="17" count="2" type="stmt"/>
        <line num="19" count="18" type="stmt"/>
        <line num="21" count="1" type="stmt"/>
        <line num="33" count="18" type="cond" truecount="2" falsecount="0"/>
        <line num="38" count="18" type="cond" truecount="2" falsecount="0"/>
        <line num="39" count="18" type="stmt"/>
        <line num="41" count="18" type="stmt"/>
        <line num="48" count="18" type="cond" truecount="2" falsecount="0"/>
        <line num="49" count="2" type="stmt"/>
        <line num="52" count="16" type="stmt"/>
        <line num="56" count="18" type="stmt"/>
        <line num="57" count="18" type="cond" truecount="2" falsecount="0"/>
        <line num="58" count="2" type="stmt"/>
        <line num="62" count="18" type="cond" truecount="2" falsecount="0"/>
        <line num="63" count="5" type="stmt"/>
        <line num="66" count="18" type="stmt"/>
        <line num="74" count="8" type="cond" truecount="2" falsecount="0"/>
        <line num="75" count="2" type="stmt"/>
        <line num="82" count="8" type="cond" truecount="2" falsecount="0"/>
        <line num="83" count="2" type="stmt"/>
        <line num="86" count="8" type="stmt"/>
        <line num="88" count="5" type="cond" truecount="2" falsecount="0"/>
        <line num="89" count="2" type="stmt"/>
        <line num="92" count="3" type="stmt"/>
        <line num="99" count="16" type="stmt"/>
        <line num="101" count="16" type="cond" truecount="6" falsecount="0"/>
        <line num="103" count="11" type="cond" truecount="4" falsecount="0"/>
        <line num="105" count="7" type="cond" truecount="4" falsecount="0"/>
        <line num="107" count="5" type="stmt"/>
        <line num="111" count="4" type="stmt"/>
        <line num="113" count="1" type="stmt"/>
      </file>
      <file name="api.ts" path="/home/runner/work/hacker-news-japan/hacker-news-japan/src/lib/api.ts">
        <metrics statements="5" coveredstatements="5" conditionals="5" coveredconditionals="5" methods="1" coveredmethods="1"/>
        <line num="12" count="6" type="stmt"/>
        <line num="20" count="6" type="stmt"/>
        <line num="26" count="5" type="cond" truecount="2" falsecount="0"/>
        <line num="31" count="3" type="stmt"/>
        <line num="34" count="5" type="stmt"/>
      </file>
      <file name="constants.ts" path="/home/runner/work/hacker-news-japan/hacker-news-japan/src/lib/constants.ts">
        <metrics statements="5" coveredstatements="5" conditionals="0" coveredconditionals="0" methods="0" coveredmethods="0"/>
        <line num="3" count="5" type="stmt"/>
        <line num="5" count="5" type="stmt"/>
        <line num="13" count="5" type="stmt"/>
        <line num="21" count="5" type="stmt"/>
        <line num="29" count="5" type="stmt"/>
      </file>
      <file name="utils.ts" path="/home/runner/work/hacker-news-japan/hacker-news-japan/src/lib/utils.ts">
        <metrics statements="10" coveredstatements="10" conditionals="2" coveredconditionals="2" methods="3" coveredmethods="3"/>
        <line num="6" count="975" type="stmt"/>
        <line num="10" count="12" type="stmt"/>
        <line num="11" count="12" type="stmt"/>
        <line num="12" count="12" type="stmt"/>
        <line num="14" count="1" type="stmt"/>
        <line num="19" count="13" type="cond" truecount="2" falsecount="0"/>
        <line num="20" count="11" type="stmt"/>
        <line num="21" count="11" type="stmt"/>
        <line num="22" count="9" type="stmt"/>
        <line num="24" count="2" type="stmt"/>
      </file>
    </package>
  </project>
</coverage>
