{"/home/runner/work/hacker-news-japan/hacker-news-japan/src/app/layout.tsx": {"path":"/home/runner/work/hacker-news-japan/hacker-news-japan/src/app/layout.tsx","statementMap":{"0":{"start":{"line":5,"column":14},"end":{"line":9,"column":null}},"1":{"start":{"line":13,"column":19},"end":{"line":19,"column":null}},"2":{"start":{"line":21,"column":34},"end":{"line":27,"column":null}},"3":{"start":{"line":34,"column":2},"end":{"line":41,"column":null}}},"fnMap":{"0":{"name":"RootLayout","decl":{"start":{"line":29,"column":24},"end":{"line":29,"column":35}},"loc":{"start":{"line":33,"column":3},"end":{"line":43,"column":null}}}},"branchMap":{},"s":{"0":1,"1":1,"2":1,"3":1},"f":{"0":1},"b":{}}
,"/home/runner/work/hacker-news-japan/hacker-news-japan/src/app/loading.tsx": {"path":"/home/runner/work/hacker-news-japan/hacker-news-japan/src/app/loading.tsx","statementMap":{"0":{"start":{"line":4,"column":2},"end":{"line":4,"column":null}}},"fnMap":{"0":{"name":"Loading","decl":{"start":{"line":3,"column":24},"end":{"line":3,"column":34}},"loc":{"start":{"line":3,"column":34},"end":{"line":5,"column":null}}}},"branchMap":{},"s":{"0":1},"f":{"0":1},"b":{}}
,"/home/runner/work/hacker-news-japan/hacker-news-japan/src/app/page.tsx": {"path":"/home/runner/work/hacker-news-japan/hacker-news-japan/src/app/page.tsx","statementMap":{"0":{"start":{"line":6,"column":2},"end":{"line":9,"column":null}}},"fnMap":{"0":{"name":"Home","decl":{"start":{"line":5,"column":24},"end":{"line":5,"column":31}},"loc":{"start":{"line":5,"column":31},"end":{"line":11,"column":null}}}},"branchMap":{},"s":{"0":1},"f":{"0":1},"b":{}}
,"/home/runner/work/hacker-news-japan/hacker-news-japan/src/components/dashboard/Dashboard.tsx": {"path":"/home/runner/work/hacker-news-japan/hacker-news-japan/src/components/dashboard/Dashboard.tsx","statementMap":{"0":{"start":{"line":26,"column":6},"end":{"line":26,"column":null}},"1":{"start":{"line":28,"column":2},"end":{"line":85,"column":null}}},"fnMap":{"0":{"name":"Dashboard","decl":{"start":{"line":11,"column":16},"end":{"line":11,"column":28}},"loc":{"start":{"line":11,"column":28},"end":{"line":87,"column":null}}}},"branchMap":{"0":{"loc":{"start":{"line":62,"column":9},"end":{"line":65,"column":null}},"type":"binary-expr","locations":[{"start":{"line":62,"column":9},"end":{"line":62,"column":null}},{"start":{"line":63,"column":10},"end":{"line":65,"column":null}}]},"1":{"loc":{"start":{"line":70,"column":11},"end":{"line":71,"column":11}},"type":"binary-expr","locations":[{"start":{"line":70,"column":11},"end":{"line":70,"column":24}},{"start":{"line":70,"column":24},"end":{"line":71,"column":11}}]},"2":{"loc":{"start":{"line":75,"column":28},"end":{"line":75,"column":62}},"type":"binary-expr","locations":[{"start":{"line":75,"column":28},"end":{"line":75,"column":45}},{"start":{"line":75,"column":45},"end":{"line":75,"column":62}}]}},"s":{"0":3,"1":3},"f":{"0":3},"b":{"0":[3,1],"1":[3,1],"2":[3,1]}}
,"/home/runner/work/hacker-news-japan/hacker-news-japan/src/components/dashboard/DashboardSkeleton.tsx": {"path":"/home/runner/work/hacker-news-japan/hacker-news-japan/src/components/dashboard/DashboardSkeleton.tsx","statementMap":{"0":{"start":{"line":7,"column":2},"end":{"line":34,"column":null}}},"fnMap":{"0":{"name":"DashboardSkeleton","decl":{"start":{"line":6,"column":16},"end":{"line":6,"column":36}},"loc":{"start":{"line":6,"column":36},"end":{"line":36,"column":null}}}},"branchMap":{},"s":{"0":1},"f":{"0":1},"b":{}}
,"/home/runner/work/hacker-news-japan/hacker-news-japan/src/components/dashboard/FilterBar.tsx": {"path":"/home/runner/work/hacker-news-japan/hacker-news-japan/src/components/dashboard/FilterBar.tsx","statementMap":{"0":{"start":{"line":27,"column":2},"end":{"line":77,"column":null}},"1":{"start":{"line":34,"column":34},"end":{"line":34,"column":null}},"2":{"start":{"line":38,"column":10},"end":{"line":45,"column":null}},"3":{"start":{"line":56,"column":36},"end":{"line":56,"column":null}},"4":{"start":{"line":66,"column":14},"end":{"line":72,"column":null}}},"fnMap":{"0":{"name":"FilterBar","decl":{"start":{"line":21,"column":16},"end":{"line":21,"column":26}},"loc":{"start":{"line":26,"column":19},"end":{"line":79,"column":null}}},"1":{"name":"(anonymous_1)","decl":{"start":{"line":34,"column":8},"end":{"line":34,"column":24}},"loc":{"start":{"line":34,"column":34},"end":{"line":34,"column":null}}},"2":{"name":"(anonymous_2)","decl":{"start":{"line":37,"column":28},"end":{"line":37,"column":33}},"loc":{"start":{"line":38,"column":10},"end":{"line":45,"column":null}}},"3":{"name":"(anonymous_3)","decl":{"start":{"line":56,"column":10},"end":{"line":56,"column":26}},"loc":{"start":{"line":56,"column":36},"end":{"line":56,"column":null}}},"4":{"name":"(anonymous_4)","decl":{"start":{"line":65,"column":32},"end":{"line":65,"column":37}},"loc":{"start":{"line":66,"column":14},"end":{"line":72,"column":null}}}},"branchMap":{"0":{"loc":{"start":{"line":34,"column":34},"end":{"line":34,"column":null}},"type":"binary-expr","locations":[{"start":{"line":34,"column":34},"end":{"line":34,"column":43}},{"start":{"line":34,"column":43},"end":{"line":34,"column":null}}]}},"s":{"0":8,"1":3,"2":40,"3":2,"4":40},"f":{"0":8,"1":3,"2":40,"3":2,"4":40},"b":{"0":[3,2]}}
,"/home/runner/work/hacker-news-japan/hacker-news-japan/src/components/dashboard/Pagination.tsx": {"path":"/home/runner/work/hacker-news-japan/hacker-news-japan/src/components/dashboard/Pagination.tsx","statementMap":{"0":{"start":{"line":26,"column":2},"end":{"line":28,"column":null}},"1":{"start":{"line":27,"column":4},"end":{"line":27,"column":null}},"2":{"start":{"line":30,"column":20},"end":{"line":30,"column":null}},"3":{"start":{"line":31,"column":20},"end":{"line":31,"column":null}},"4":{"start":{"line":32,"column":20},"end":{"line":32,"column":null}},"5":{"start":{"line":33,"column":20},"end":{"line":33,"column":null}},"6":{"start":{"line":35,"column":2},"end":{"line":92,"column":null}},"7":{"start":{"line":42,"column":27},"end":{"line":42,"column":null}},"8":{"start":{"line":56,"column":29},"end":{"line":56,"column":null}},"9":{"start":{"line":57,"column":27},"end":{"line":57,"column":null}},"10":{"start":{"line":58,"column":10},"end":{"line":75,"column":null}},"11":{"start":{"line":63,"column":31},"end":{"line":63,"column":null}},"12":{"start":{"line":83,"column":27},"end":{"line":83,"column":null}}},"fnMap":{"0":{"name":"Pagination","decl":{"start":{"line":20,"column":16},"end":{"line":20,"column":27}},"loc":{"start":{"line":25,"column":20},"end":{"line":94,"column":null}}},"1":{"name":"(anonymous_1)","decl":{"start":{"line":42,"column":12},"end":{"line":42,"column":27}},"loc":{"start":{"line":42,"column":27},"end":{"line":42,"column":null}}},"2":{"name":"(anonymous_2)","decl":{"start":{"line":55,"column":43},"end":{"line":55,"column":48}},"loc":{"start":{"line":55,"column":57},"end":{"line":77,"column":9}}},"3":{"name":"(anonymous_3)","decl":{"start":{"line":63,"column":16},"end":{"line":63,"column":31}},"loc":{"start":{"line":63,"column":31},"end":{"line":63,"column":null}}},"4":{"name":"(anonymous_4)","decl":{"start":{"line":83,"column":12},"end":{"line":83,"column":27}},"loc":{"start":{"line":83,"column":27},"end":{"line":83,"column":null}}}},"branchMap":{"0":{"loc":{"start":{"line":26,"column":2},"end":{"line":28,"column":null}},"type":"if","locations":[{"start":{"line":26,"column":2},"end":{"line":28,"column":null}},{"start":{},"end":{}}]},"1":{"loc":{"start":{"line":26,"column":6},"end":{"line":26,"column":40}},"type":"binary-expr","locations":[{"start":{"line":26,"column":6},"end":{"line":26,"column":18}},{"start":{"line":26,"column":18},"end":{"line":26,"column":40}}]},"2":{"loc":{"start":{"line":43,"column":22},"end":{"line":43,"column":null}},"type":"binary-expr","locations":[{"start":{"line":43,"column":22},"end":{"line":43,"column":36}},{"start":{"line":43,"column":36},"end":{"line":43,"column":null}}]},"3":{"loc":{"start":{"line":65,"column":30},"end":{"line":65,"column":null}},"type":"cond-expr","locations":[{"start":{"line":65,"column":41},"end":{"line":65,"column":50}},{"start":{"line":65,"column":50},"end":{"line":65,"column":null}}]},"4":{"loc":{"start":{"line":68,"column":18},"end":{"line":70,"column":null}},"type":"cond-expr","locations":[{"start":{"line":69,"column":22},"end":{"line":69,"column":null}},{"start":{"line":70,"column":22},"end":{"line":70,"column":null}}]},"5":{"loc":{"start":{"line":84,"column":22},"end":{"line":84,"column":null}},"type":"binary-expr","locations":[{"start":{"line":84,"column":22},"end":{"line":84,"column":36}},{"start":{"line":84,"column":36},"end":{"line":84,"column":null}}]}},"s":{"0":15,"1":3,"2":12,"3":12,"4":12,"5":12,"6":12,"7":2,"8":45,"9":45,"10":45,"11":3,"12":1},"f":{"0":15,"1":2,"2":45,"3":3,"4":1},"b":{"0":[3,12],"1":[15,13],"2":[12,8],"3":[12,33],"4":[12,33],"5":[12,9]}}
,"/home/runner/work/hacker-news-japan/hacker-news-japan/src/components/dashboard/ResultsHeader.tsx": {"path":"/home/runner/work/hacker-news-japan/hacker-news-japan/src/components/dashboard/ResultsHeader.tsx","statementMap":{"0":{"start":{"line":13,"column":2},"end":{"line":15,"column":null}},"1":{"start":{"line":14,"column":4},"end":{"line":14,"column":null}},"2":{"start":{"line":17,"column":2},"end":{"line":19,"column":null}},"3":{"start":{"line":18,"column":4},"end":{"line":18,"column":null}},"4":{"start":{"line":21,"column":16},"end":{"line":21,"column":null}},"5":{"start":{"line":23,"column":2},"end":{"line":45,"column":null}}},"fnMap":{"0":{"name":"ResultsHeader","decl":{"start":{"line":12,"column":16},"end":{"line":12,"column":30}},"loc":{"start":{"line":12,"column":81},"end":{"line":47,"column":null}}}},"branchMap":{"0":{"loc":{"start":{"line":13,"column":2},"end":{"line":15,"column":null}},"type":"if","locations":[{"start":{"line":13,"column":2},"end":{"line":15,"column":null}},{"start":{},"end":{}}]},"1":{"loc":{"start":{"line":17,"column":2},"end":{"line":19,"column":null}},"type":"if","locations":[{"start":{"line":17,"column":2},"end":{"line":19,"column":null}},{"start":{},"end":{}}]},"2":{"loc":{"start":{"line":31,"column":51},"end":{"line":31,"column":91}},"type":"cond-expr","locations":[{"start":{"line":31,"column":65},"end":{"line":31,"column":77}},{"start":{"line":31,"column":77},"end":{"line":31,"column":91}}]},"3":{"loc":{"start":{"line":32,"column":11},"end":{"line":40,"column":null}},"type":"cond-expr","locations":[{"start":{"line":33,"column":12},"end":{"line":40,"column":13}},{"start":{"line":40,"column":12},"end":{"line":40,"column":null}}]}},"s":{"0":7,"1":2,"2":5,"3":2,"4":3,"5":3},"f":{"0":7},"b":{"0":[2,5],"1":[2,3],"2":[1,2],"3":[2,1]}}
,"/home/runner/work/hacker-news-japan/hacker-news-japan/src/components/dashboard/SearchBar.tsx": {"path":"/home/runner/work/hacker-news-japan/hacker-news-japan/src/components/dashboard/SearchBar.tsx","statementMap":{"0":{"start":{"line":23,"column":19},"end":{"line":23,"column":null}},"1":{"start":{"line":25,"column":2},"end":{"line":56,"column":null}},"2":{"start":{"line":38,"column":25},"end":{"line":38,"column":null}},"3":{"start":{"line":47,"column":14},"end":{"line":47,"column":null}},"4":{"start":{"line":48,"column":14},"end":{"line":48,"column":null}}},"fnMap":{"0":{"name":"SearchBar","decl":{"start":{"line":18,"column":16},"end":{"line":18,"column":26}},"loc":{"start":{"line":22,"column":19},"end":{"line":58,"column":null}}},"1":{"name":"(anonymous_1)","decl":{"start":{"line":38,"column":8},"end":{"line":38,"column":19}},"loc":{"start":{"line":38,"column":25},"end":{"line":38,"column":null}}},"2":{"name":"(anonymous_2)","decl":{"start":{"line":46,"column":12},"end":{"line":46,"column":27}},"loc":{"start":{"line":46,"column":27},"end":{"line":49,"column":null}}}},"branchMap":{"0":{"loc":{"start":{"line":21,"column":2},"end":{"line":21,"column":null}},"type":"default-arg","locations":[{"start":{"line":21,"column":16},"end":{"line":21,"column":null}}]},"1":{"loc":{"start":{"line":41,"column":7},"end":{"line":54,"column":null}},"type":"binary-expr","locations":[{"start":{"line":41,"column":7},"end":{"line":41,"column":null}},{"start":{"line":42,"column":8},"end":{"line":54,"column":null}}]}},"s":{"0":5,"1":5,"2":1,"3":1,"4":1},"f":{"0":5,"1":1,"2":1},"b":{"0":[4],"1":[5,2]}}
,"/home/runner/work/hacker-news-japan/hacker-news-japan/src/components/dashboard/SortControls.tsx": {"path":"/home/runner/work/hacker-news-japan/hacker-news-japan/src/components/dashboard/SortControls.tsx","statementMap":{"0":{"start":{"line":13,"column":2},"end":{"line":36,"column":null}},"1":{"start":{"line":22,"column":34},"end":{"line":22,"column":null}},"2":{"start":{"line":26,"column":10},"end":{"line":33,"column":null}}},"fnMap":{"0":{"name":"SortControls","decl":{"start":{"line":12,"column":16},"end":{"line":12,"column":29}},"loc":{"start":{"line":12,"column":70},"end":{"line":38,"column":null}}},"1":{"name":"(anonymous_1)","decl":{"start":{"line":22,"column":8},"end":{"line":22,"column":24}},"loc":{"start":{"line":22,"column":34},"end":{"line":22,"column":null}}},"2":{"name":"(anonymous_2)","decl":{"start":{"line":25,"column":25},"end":{"line":25,"column":30}},"loc":{"start":{"line":26,"column":10},"end":{"line":33,"column":null}}}},"branchMap":{"0":{"loc":{"start":{"line":22,"column":34},"end":{"line":22,"column":null}},"type":"binary-expr","locations":[{"start":{"line":22,"column":34},"end":{"line":22,"column":43}},{"start":{"line":22,"column":43},"end":{"line":22,"column":null}}]}},"s":{"0":8,"1":3,"2":40},"f":{"0":8,"1":3,"2":40},"b":{"0":[3,2]}}
,"/home/runner/work/hacker-news-japan/hacker-news-japan/src/components/dashboard/StoryCard.tsx": {"path":"/home/runner/work/hacker-news-japan/hacker-news-japan/src/components/dashboard/StoryCard.tsx","statementMap":{"0":{"start":{"line":15,"column":27},"end":{"line":36,"column":null}},"1":{"start":{"line":39,"column":2},"end":{"line":39,"column":null}},"2":{"start":{"line":39,"column":31},"end":{"line":39,"column":null}},"3":{"start":{"line":40,"column":2},"end":{"line":40,"column":null}},"4":{"start":{"line":40,"column":32},"end":{"line":40,"column":null}},"5":{"start":{"line":41,"column":2},"end":{"line":41,"column":null}},"6":{"start":{"line":41,"column":28},"end":{"line":41,"column":null}},"7":{"start":{"line":42,"column":2},"end":{"line":42,"column":null}},"8":{"start":{"line":46,"column":2},"end":{"line":46,"column":null}},"9":{"start":{"line":46,"column":12},"end":{"line":46,"column":null}},"10":{"start":{"line":47,"column":2},"end":{"line":52,"column":null}},"11":{"start":{"line":48,"column":22},"end":{"line":48,"column":null}},"12":{"start":{"line":49,"column":4},"end":{"line":49,"column":null}},"13":{"start":{"line":51,"column":4},"end":{"line":51,"column":null}},"14":{"start":{"line":56,"column":17},"end":{"line":56,"column":null}},"15":{"start":{"line":57,"column":16},"end":{"line":57,"column":null}},"16":{"start":{"line":58,"column":19},"end":{"line":58,"column":null}},"17":{"start":{"line":59,"column":23},"end":{"line":59,"column":null}},"18":{"start":{"line":61,"column":2},"end":{"line":115,"column":null}}},"fnMap":{"0":{"name":"getStoryPresentation","decl":{"start":{"line":38,"column":9},"end":{"line":38,"column":30}},"loc":{"start":{"line":38,"column":46},"end":{"line":43,"column":null}}},"1":{"name":"getStoryUrl","decl":{"start":{"line":45,"column":9},"end":{"line":45,"column":21}},"loc":{"start":{"line":45,"column":70},"end":{"line":53,"column":null}}},"2":{"name":"StoryCard","decl":{"start":{"line":55,"column":16},"end":{"line":55,"column":26}},"loc":{"start":{"line":55,"column":64},"end":{"line":117,"column":null}}}},"branchMap":{"0":{"loc":{"start":{"line":39,"column":2},"end":{"line":39,"column":null}},"type":"if","locations":[{"start":{"line":39,"column":2},"end":{"line":39,"column":null}},{"start":{},"end":{}}]},"1":{"loc":{"start":{"line":40,"column":2},"end":{"line":40,"column":null}},"type":"if","locations":[{"start":{"line":40,"column":2},"end":{"line":40,"column":null}},{"start":{},"end":{}}]},"2":{"loc":{"start":{"line":41,"column":2},"end":{"line":41,"column":null}},"type":"if","locations":[{"start":{"line":41,"column":2},"end":{"line":41,"column":null}},{"start":{},"end":{}}]},"3":{"loc":{"start":{"line":46,"column":2},"end":{"line":46,"column":null}},"type":"if","locations":[{"start":{"line":46,"column":2},"end":{"line":46,"column":null}},{"start":{},"end":{}}]},"4":{"loc":{"start":{"line":49,"column":11},"end":{"line":49,"column":null}},"type":"cond-expr","locations":[{"start":{"line":49,"column":79},"end":{"line":49,"column":85}},{"start":{"line":49,"column":85},"end":{"line":49,"column":null}}]},"5":{"loc":{"start":{"line":49,"column":11},"end":{"line":49,"column":79}},"type":"binary-expr","locations":[{"start":{"line":49,"column":11},"end":{"line":49,"column":45}},{"start":{"line":49,"column":45},"end":{"line":49,"column":79}}]},"6":{"loc":{"start":{"line":55,"column":35},"end":{"line":55,"column":64}},"type":"default-arg","locations":[{"start":{"line":55,"column":43},"end":{"line":55,"column":64}}]},"7":{"loc":{"start":{"line":84,"column":13},"end":{"line":87,"column":null}},"type":"binary-expr","locations":[{"start":{"line":84,"column":13},"end":{"line":84,"column":null}},{"start":{"line":85,"column":14},"end":{"line":87,"column":null}}]},"8":{"loc":{"start":{"line":100,"column":56},"end":{"line":100,"column":80}},"type":"binary-expr","locations":[{"start":{"line":100,"column":56},"end":{"line":100,"column":72}},{"start":{"line":100,"column":72},"end":{"line":100,"column":80}}]},"9":{"loc":{"start":{"line":105,"column":56},"end":{"line":105,"column":86}},"type":"binary-expr","locations":[{"start":{"line":105,"column":56},"end":{"line":105,"column":78}},{"start":{"line":105,"column":78},"end":{"line":105,"column":86}}]}},"s":{"0":1,"1":10,"2":2,"3":8,"4":1,"5":7,"6":1,"7":6,"8":10,"9":1,"10":9,"11":9,"12":8,"13":1,"14":10,"15":10,"16":10,"17":10,"18":10},"f":{"0":10,"1":10,"2":10},"b":{"0":[2,8],"1":[1,7],"2":[1,6],"3":[1,9],"4":[7,1],"5":[8,8],"6":[5],"7":[10,9],"8":[10,1],"9":[10,1]}}
,"/home/runner/work/hacker-news-japan/hacker-news-japan/src/components/dashboard/StoryCardSkeleton.tsx": {"path":"/home/runner/work/hacker-news-japan/hacker-news-japan/src/components/dashboard/StoryCardSkeleton.tsx","statementMap":{"0":{"start":{"line":8,"column":2},"end":{"line":34,"column":null}}},"fnMap":{"0":{"name":"StoryCardSkeleton","decl":{"start":{"line":7,"column":16},"end":{"line":7,"column":36}},"loc":{"start":{"line":7,"column":36},"end":{"line":36,"column":null}}}},"branchMap":{},"s":{"0":28},"f":{"0":28},"b":{}}
,"/home/runner/work/hacker-news-japan/hacker-news-japan/src/components/dashboard/StoryGrid.tsx": {"path":"/home/runner/work/hacker-news-japan/hacker-news-japan/src/components/dashboard/StoryGrid.tsx","statementMap":{"0":{"start":{"line":22,"column":25},"end":{"line":60,"column":null}},"1":{"start":{"line":24,"column":2},"end":{"line":32,"column":null}},"2":{"start":{"line":25,"column":4},"end":{"line":30,"column":null}},"3":{"start":{"line":28,"column":10},"end":{"line":28,"column":null}},"4":{"start":{"line":35,"column":2},"end":{"line":50,"column":null}},"5":{"start":{"line":36,"column":4},"end":{"line":48,"column":null}},"6":{"start":{"line":53,"column":2},"end":{"line":58,"column":null}},"7":{"start":{"line":56,"column":8},"end":{"line":56,"column":null}}},"fnMap":{"0":{"name":"StoryGrid","decl":{"start":{"line":22,"column":39},"end":{"line":22,"column":49}},"loc":{"start":{"line":22,"column":89},"end":{"line":60,"column":1}}},"1":{"name":"(anonymous_1)","decl":{"start":{"line":27,"column":35},"end":{"line":27,"column":40}},"loc":{"start":{"line":28,"column":10},"end":{"line":28,"column":null}}},"2":{"name":"(anonymous_2)","decl":{"start":{"line":55,"column":15},"end":{"line":55,"column":20}},"loc":{"start":{"line":56,"column":8},"end":{"line":56,"column":null}}}},"branchMap":{"0":{"loc":{"start":{"line":24,"column":2},"end":{"line":32,"column":null}},"type":"if","locations":[{"start":{"line":24,"column":2},"end":{"line":32,"column":null}},{"start":{},"end":{}}]},"1":{"loc":{"start":{"line":35,"column":2},"end":{"line":50,"column":null}},"type":"if","locations":[{"start":{"line":35,"column":2},"end":{"line":50,"column":null}},{"start":{},"end":{}}]},"2":{"loc":{"start":{"line":35,"column":6},"end":{"line":35,"column":40}},"type":"binary-expr","locations":[{"start":{"line":35,"column":6},"end":{"line":35,"column":18}},{"start":{"line":35,"column":18},"end":{"line":35,"column":40}}]}},"s":{"0":1,"1":10,"2":3,"3":27,"4":7,"5":3,"6":4,"7":4},"f":{"0":10,"1":27,"2":4},"b":{"0":[3,7],"1":[3,4],"2":[7,5]}}
,"/home/runner/work/hacker-news-japan/hacker-news-japan/src/components/ui/badge.tsx": {"path":"/home/runner/work/hacker-news-japan/hacker-news-japan/src/components/ui/badge.tsx","statementMap":{"0":{"start":{"line":6,"column":22},"end":{"line":24,"column":null}},"1":{"start":{"line":31,"column":2},"end":{"line":32,"column":null}}},"fnMap":{"0":{"name":"Badge","decl":{"start":{"line":30,"column":9},"end":{"line":30,"column":15}},"loc":{"start":{"line":30,"column":61},"end":{"line":34,"column":null}}}},"branchMap":{},"s":{"0":2,"1":11},"f":{"0":11},"b":{}}
,"/home/runner/work/hacker-news-japan/hacker-news-japan/src/components/ui/button.tsx": {"path":"/home/runner/work/hacker-news-japan/hacker-news-japan/src/components/ui/button.tsx","statementMap":{"0":{"start":{"line":7,"column":23},"end":{"line":35,"column":null}},"1":{"start":{"line":43,"column":15},"end":{"line":54,"column":null}},"2":{"start":{"line":45,"column":17},"end":{"line":45,"column":null}},"3":{"start":{"line":46,"column":4},"end":{"line":51,"column":null}},"4":{"start":{"line":55,"column":0},"end":{"line":55,"column":null}}},"fnMap":{"0":{"name":"(anonymous_0)","decl":{"start":{"line":43,"column":21},"end":{"line":43,"column":null}},"loc":{"start":{"line":44,"column":68},"end":{"line":53,"column":null}}}},"branchMap":{"0":{"loc":{"start":{"line":44,"column":31},"end":{"line":44,"column":48}},"type":"default-arg","locations":[{"start":{"line":44,"column":41},"end":{"line":44,"column":48}}]},"1":{"loc":{"start":{"line":45,"column":17},"end":{"line":45,"column":null}},"type":"cond-expr","locations":[{"start":{"line":45,"column":27},"end":{"line":45,"column":34}},{"start":{"line":45,"column":34},"end":{"line":45,"column":null}}]}},"s":{"0":3,"1":3,"2":74,"3":74,"4":3},"f":{"0":74},"b":{"0":[73],"1":[1,73]}}
,"/home/runner/work/hacker-news-japan/hacker-news-japan/src/components/ui/card.tsx": {"path":"/home/runner/work/hacker-news-japan/hacker-news-japan/src/components/ui/card.tsx","statementMap":{"0":{"start":{"line":5,"column":13},"end":{"line":17,"column":null}},"1":{"start":{"line":9,"column":2},"end":{"line":17,"column":null}},"2":{"start":{"line":18,"column":0},"end":{"line":18,"column":null}},"3":{"start":{"line":20,"column":19},"end":{"line":29,"column":null}},"4":{"start":{"line":24,"column":2},"end":{"line":29,"column":null}},"5":{"start":{"line":30,"column":0},"end":{"line":30,"column":null}},"6":{"start":{"line":32,"column":18},"end":{"line":41,"column":null}},"7":{"start":{"line":36,"column":2},"end":{"line":41,"column":null}},"8":{"start":{"line":42,"column":0},"end":{"line":42,"column":null}},"9":{"start":{"line":44,"column":24},"end":{"line":53,"column":null}},"10":{"start":{"line":48,"column":2},"end":{"line":53,"column":null}},"11":{"start":{"line":54,"column":0},"end":{"line":54,"column":null}},"12":{"start":{"line":56,"column":20},"end":{"line":61,"column":null}},"13":{"start":{"line":60,"column":2},"end":{"line":61,"column":null}},"14":{"start":{"line":62,"column":0},"end":{"line":62,"column":null}},"15":{"start":{"line":64,"column":19},"end":{"line":73,"column":null}},"16":{"start":{"line":68,"column":2},"end":{"line":73,"column":null}},"17":{"start":{"line":74,"column":0},"end":{"line":74,"column":null}}},"fnMap":{"0":{"name":"(anonymous_0)","decl":{"start":{"line":5,"column":19},"end":{"line":5,"column":null}},"loc":{"start":{"line":9,"column":2},"end":{"line":17,"column":null}}},"1":{"name":"(anonymous_1)","decl":{"start":{"line":20,"column":25},"end":{"line":20,"column":null}},"loc":{"start":{"line":24,"column":2},"end":{"line":29,"column":null}}},"2":{"name":"(anonymous_2)","decl":{"start":{"line":32,"column":24},"end":{"line":32,"column":null}},"loc":{"start":{"line":36,"column":2},"end":{"line":41,"column":null}}},"3":{"name":"(anonymous_3)","decl":{"start":{"line":44,"column":30},"end":{"line":44,"column":null}},"loc":{"start":{"line":48,"column":2},"end":{"line":53,"column":null}}},"4":{"name":"(anonymous_4)","decl":{"start":{"line":56,"column":26},"end":{"line":56,"column":null}},"loc":{"start":{"line":60,"column":2},"end":{"line":61,"column":null}}},"5":{"name":"(anonymous_5)","decl":{"start":{"line":64,"column":25},"end":{"line":64,"column":null}},"loc":{"start":{"line":68,"column":2},"end":{"line":73,"column":null}}}},"branchMap":{},"s":{"0":2,"1":39,"2":2,"3":2,"4":39,"5":2,"6":2,"7":11,"8":2,"9":2,"10":1,"11":2,"12":2,"13":1,"14":2,"15":2,"16":39,"17":2},"f":{"0":39,"1":39,"2":11,"3":1,"4":1,"5":39},"b":{}}
,"/home/runner/work/hacker-news-japan/hacker-news-japan/src/components/ui/empty.tsx": {"path":"/home/runner/work/hacker-news-japan/hacker-news-japan/src/components/ui/empty.tsx","statementMap":{"0":{"start":{"line":7,"column":2},"end":{"line":15,"column":null}},"1":{"start":{"line":20,"column":2},"end":{"line":28,"column":null}},"2":{"start":{"line":32,"column":27},"end":{"line":45,"column":null}},"3":{"start":{"line":52,"column":2},"end":{"line":58,"column":null}},"4":{"start":{"line":63,"column":2},"end":{"line":68,"column":null}},"5":{"start":{"line":73,"column":2},"end":{"line":81,"column":null}},"6":{"start":{"line":86,"column":2},"end":{"line":94,"column":null}}},"fnMap":{"0":{"name":"Empty","decl":{"start":{"line":6,"column":9},"end":{"line":6,"column":15}},"loc":{"start":{"line":6,"column":69},"end":{"line":17,"column":null}}},"1":{"name":"EmptyHeader","decl":{"start":{"line":19,"column":9},"end":{"line":19,"column":21}},"loc":{"start":{"line":19,"column":75},"end":{"line":30,"column":null}}},"2":{"name":"EmptyMedia","decl":{"start":{"line":47,"column":9},"end":{"line":47,"column":20}},"loc":{"start":{"line":51,"column":74},"end":{"line":60,"column":null}}},"3":{"name":"EmptyTitle","decl":{"start":{"line":62,"column":9},"end":{"line":62,"column":20}},"loc":{"start":{"line":62,"column":74},"end":{"line":70,"column":null}}},"4":{"name":"EmptyDescription","decl":{"start":{"line":72,"column":9},"end":{"line":72,"column":26}},"loc":{"start":{"line":72,"column":78},"end":{"line":83,"column":null}}},"5":{"name":"EmptyContent","decl":{"start":{"line":85,"column":9},"end":{"line":85,"column":22}},"loc":{"start":{"line":85,"column":76},"end":{"line":96,"column":null}}}},"branchMap":{"0":{"loc":{"start":{"line":49,"column":2},"end":{"line":49,"column":null}},"type":"default-arg","locations":[{"start":{"line":49,"column":12},"end":{"line":49,"column":null}}]}},"s":{"0":4,"1":4,"2":2,"3":5,"4":4,"5":4,"6":4},"f":{"0":4,"1":4,"2":5,"3":4,"4":4,"5":4},"b":{"0":[1]}}
,"/home/runner/work/hacker-news-japan/hacker-news-japan/src/components/ui/input-group.tsx": {"path":"/home/runner/work/hacker-news-japan/hacker-news-japan/src/components/ui/input-group.tsx","statementMap":{"0":{"start":{"line":12,"column":2},"end":{"line":35,"column":null}},"1":{"start":{"line":39,"column":32},"end":{"line":58,"column":null}},"2":{"start":{"line":65,"column":2},"end":{"line":80,"column":null}},"3":{"start":{"line":72,"column":8},"end":{"line":74,"column":null}},"4":{"start":{"line":73,"column":10},"end":{"line":73,"column":null}},"5":{"start":{"line":75,"column":8},"end":{"line":77,"column":null}},"6":{"start":{"line":84,"column":33},"end":{"line":100,"column":null}},"7":{"start":{"line":110,"column":2},"end":{"line":117,"column":null}},"8":{"start":{"line":122,"column":2},"end":{"line":129,"column":null}},"9":{"start":{"line":137,"column":2},"end":{"line":145,"column":null}},"10":{"start":{"line":153,"column":2},"end":{"line":161,"column":null}}},"fnMap":{"0":{"name":"InputGroup","decl":{"start":{"line":11,"column":9},"end":{"line":11,"column":20}},"loc":{"start":{"line":11,"column":74},"end":{"line":37,"column":null}}},"1":{"name":"InputGroupAddon","decl":{"start":{"line":60,"column":9},"end":{"line":60,"column":25}},"loc":{"start":{"line":64,"column":79},"end":{"line":82,"column":null}}},"2":{"name":"(anonymous_2)","decl":{"start":{"line":71,"column":6},"end":{"line":71,"column":16}},"loc":{"start":{"line":71,"column":22},"end":{"line":78,"column":null}}},"3":{"name":"InputGroupButton","decl":{"start":{"line":102,"column":9},"end":{"line":102,"column":26}},"loc":{"start":{"line":109,"column":49},"end":{"line":119,"column":null}}},"4":{"name":"InputGroupText","decl":{"start":{"line":121,"column":9},"end":{"line":121,"column":24}},"loc":{"start":{"line":121,"column":79},"end":{"line":131,"column":null}}},"5":{"name":"InputGroupInput","decl":{"start":{"line":133,"column":9},"end":{"line":133,"column":25}},"loc":{"start":{"line":136,"column":34},"end":{"line":147,"column":null}}},"6":{"name":"InputGroupTextarea","decl":{"start":{"line":149,"column":9},"end":{"line":149,"column":28}},"loc":{"start":{"line":152,"column":37},"end":{"line":163,"column":null}}}},"branchMap":{"0":{"loc":{"start":{"line":62,"column":2},"end":{"line":62,"column":null}},"type":"default-arg","locations":[{"start":{"line":62,"column":10},"end":{"line":62,"column":null}}]},"1":{"loc":{"start":{"line":72,"column":8},"end":{"line":74,"column":null}},"type":"if","locations":[{"start":{"line":72,"column":8},"end":{"line":74,"column":null}},{"start":{},"end":{}}]},"2":{"loc":{"start":{"line":104,"column":2},"end":{"line":104,"column":null}},"type":"default-arg","locations":[{"start":{"line":104,"column":9},"end":{"line":104,"column":null}}]},"3":{"loc":{"start":{"line":105,"column":2},"end":{"line":105,"column":null}},"type":"default-arg","locations":[{"start":{"line":105,"column":12},"end":{"line":105,"column":null}}]},"4":{"loc":{"start":{"line":106,"column":2},"end":{"line":106,"column":null}},"type":"default-arg","locations":[{"start":{"line":106,"column":9},"end":{"line":106,"column":null}}]}},"s":{"0":7,"1":2,"2":11,"3":3,"4":2,"5":1,"6":2,"7":3,"8":1,"9":6,"10":1},"f":{"0":7,"1":11,"2":3,"3":3,"4":1,"5":6,"6":1},"b":{"0":[6],"1":[2,1],"2":[3],"3":[3],"4":[1]}}
,"/home/runner/work/hacker-news-japan/hacker-news-japan/src/components/ui/input.tsx": {"path":"/home/runner/work/hacker-news-japan/hacker-news-japan/src/components/ui/input.tsx","statementMap":{"0":{"start":{"line":5,"column":14},"end":{"line":19,"column":null}},"1":{"start":{"line":7,"column":4},"end":{"line":16,"column":null}},"2":{"start":{"line":20,"column":0},"end":{"line":20,"column":null}}},"fnMap":{"0":{"name":"(anonymous_0)","decl":{"start":{"line":5,"column":20},"end":{"line":5,"column":null}},"loc":{"start":{"line":6,"column":42},"end":{"line":18,"column":null}}}},"branchMap":{},"s":{"0":2,"1":7,"2":2},"f":{"0":7},"b":{}}
,"/home/runner/work/hacker-news-japan/hacker-news-japan/src/components/ui/pagination.tsx": {"path":"/home/runner/work/hacker-news-japan/hacker-news-japan/src/components/ui/pagination.tsx","statementMap":{"0":{"start":{"line":7,"column":6},"end":{"line":13,"column":null}},"1":{"start":{"line":8,"column":2},"end":{"line":13,"column":null}},"2":{"start":{"line":15,"column":0},"end":{"line":15,"column":null}},"3":{"start":{"line":17,"column":26},"end":{"line":26,"column":null}},"4":{"start":{"line":21,"column":2},"end":{"line":26,"column":null}},"5":{"start":{"line":27,"column":0},"end":{"line":27,"column":null}},"6":{"start":{"line":29,"column":23},"end":{"line":34,"column":null}},"7":{"start":{"line":33,"column":2},"end":{"line":34,"column":null}},"8":{"start":{"line":35,"column":0},"end":{"line":35,"column":null}},"9":{"start":{"line":42,"column":6},"end":{"line":58,"column":null}},"10":{"start":{"line":48,"column":2},"end":{"line":58,"column":null}},"11":{"start":{"line":60,"column":0},"end":{"line":60,"column":null}},"12":{"start":{"line":62,"column":6},"end":{"line":74,"column":null}},"13":{"start":{"line":66,"column":2},"end":{"line":74,"column":null}},"14":{"start":{"line":76,"column":0},"end":{"line":76,"column":null}},"15":{"start":{"line":78,"column":6},"end":{"line":90,"column":null}},"16":{"start":{"line":82,"column":2},"end":{"line":90,"column":null}},"17":{"start":{"line":92,"column":0},"end":{"line":92,"column":null}},"18":{"start":{"line":94,"column":6},"end":{"line":105,"column":null}},"19":{"start":{"line":98,"column":2},"end":{"line":105,"column":null}},"20":{"start":{"line":107,"column":0},"end":{"line":107,"column":null}}},"fnMap":{"0":{"name":"(anonymous_0)","decl":{"start":{"line":7,"column":6},"end":{"line":7,"column":20}},"loc":{"start":{"line":8,"column":2},"end":{"line":13,"column":null}}},"1":{"name":"(anonymous_1)","decl":{"start":{"line":17,"column":32},"end":{"line":17,"column":null}},"loc":{"start":{"line":21,"column":2},"end":{"line":26,"column":null}}},"2":{"name":"(anonymous_2)","decl":{"start":{"line":29,"column":29},"end":{"line":29,"column":null}},"loc":{"start":{"line":33,"column":2},"end":{"line":34,"column":null}}},"3":{"name":"(anonymous_3)","decl":{"start":{"line":42,"column":6},"end":{"line":42,"column":24}},"loc":{"start":{"line":48,"column":2},"end":{"line":58,"column":null}}},"4":{"name":"(anonymous_4)","decl":{"start":{"line":62,"column":6},"end":{"line":62,"column":28}},"loc":{"start":{"line":66,"column":2},"end":{"line":74,"column":null}}},"5":{"name":"(anonymous_5)","decl":{"start":{"line":78,"column":6},"end":{"line":78,"column":24}},"loc":{"start":{"line":82,"column":2},"end":{"line":90,"column":null}}},"6":{"name":"(anonymous_6)","decl":{"start":{"line":94,"column":6},"end":{"line":94,"column":28}},"loc":{"start":{"line":98,"column":2},"end":{"line":105,"column":null}}}},"branchMap":{"0":{"loc":{"start":{"line":45,"column":2},"end":{"line":45,"column":null}},"type":"default-arg","locations":[{"start":{"line":45,"column":9},"end":{"line":45,"column":null}}]},"1":{"loc":{"start":{"line":49,"column":18},"end":{"line":49,"column":null}},"type":"cond-expr","locations":[{"start":{"line":49,"column":29},"end":{"line":49,"column":38}},{"start":{"line":49,"column":38},"end":{"line":49,"column":null}}]},"2":{"loc":{"start":{"line":52,"column":17},"end":{"line":52,"column":null}},"type":"cond-expr","locations":[{"start":{"line":52,"column":28},"end":{"line":52,"column":40}},{"start":{"line":52,"column":40},"end":{"line":52,"column":null}}]}},"s":{"0":3,"1":13,"2":3,"3":3,"4":13,"5":3,"6":3,"7":85,"8":3,"9":3,"10":3,"11":3,"12":3,"13":1,"14":3,"15":3,"16":1,"17":3,"18":3,"19":1,"20":3},"f":{"0":13,"1":13,"2":85,"3":3,"4":1,"5":1,"6":1},"b":{"0":[1],"1":[1,2],"2":[1,2]}}
,"/home/runner/work/hacker-news-japan/hacker-news-japan/src/components/ui/select.tsx": {"path":"/home/runner/work/hacker-news-japan/hacker-news-japan/src/components/ui/select.tsx","statementMap":{"0":{"start":{"line":9,"column":15},"end":{"line":9,"column":null}},"1":{"start":{"line":11,"column":20},"end":{"line":11,"column":null}},"2":{"start":{"line":13,"column":20},"end":{"line":13,"column":null}},"3":{"start":{"line":15,"column":22},"end":{"line":32,"column":null}},"4":{"start":{"line":19,"column":2},"end":{"line":32,"column":null}},"5":{"start":{"line":33,"column":0},"end":{"line":33,"column":null}},"6":{"start":{"line":35,"column":29},"end":{"line":49,"column":null}},"7":{"start":{"line":39,"column":2},"end":{"line":49,"column":null}},"8":{"start":{"line":50,"column":0},"end":{"line":50,"column":null}},"9":{"start":{"line":52,"column":31},"end":{"line":66,"column":null}},"10":{"start":{"line":56,"column":2},"end":{"line":66,"column":null}},"11":{"start":{"line":67,"column":0},"end":{"line":68,"column":null}},"12":{"start":{"line":70,"column":22},"end":{"line":99,"column":null}},"13":{"start":{"line":74,"column":2},"end":{"line":99,"column":null}},"14":{"start":{"line":100,"column":0},"end":{"line":100,"column":null}},"15":{"start":{"line":102,"column":20},"end":{"line":111,"column":null}},"16":{"start":{"line":106,"column":2},"end":{"line":111,"column":null}},"17":{"start":{"line":112,"column":0},"end":{"line":112,"column":null}},"18":{"start":{"line":114,"column":19},"end":{"line":133,"column":null}},"19":{"start":{"line":118,"column":2},"end":{"line":133,"column":null}},"20":{"start":{"line":134,"column":0},"end":{"line":134,"column":null}},"21":{"start":{"line":136,"column":24},"end":{"line":145,"column":null}},"22":{"start":{"line":140,"column":2},"end":{"line":145,"column":null}},"23":{"start":{"line":146,"column":0},"end":{"line":146,"column":null}}},"fnMap":{"0":{"name":"(anonymous_0)","decl":{"start":{"line":15,"column":28},"end":{"line":15,"column":null}},"loc":{"start":{"line":19,"column":2},"end":{"line":32,"column":null}}},"1":{"name":"(anonymous_1)","decl":{"start":{"line":35,"column":35},"end":{"line":35,"column":null}},"loc":{"start":{"line":39,"column":2},"end":{"line":49,"column":null}}},"2":{"name":"(anonymous_2)","decl":{"start":{"line":52,"column":37},"end":{"line":52,"column":null}},"loc":{"start":{"line":56,"column":2},"end":{"line":66,"column":null}}},"3":{"name":"(anonymous_3)","decl":{"start":{"line":70,"column":28},"end":{"line":70,"column":null}},"loc":{"start":{"line":74,"column":2},"end":{"line":99,"column":null}}},"4":{"name":"(anonymous_4)","decl":{"start":{"line":102,"column":26},"end":{"line":102,"column":null}},"loc":{"start":{"line":106,"column":2},"end":{"line":111,"column":null}}},"5":{"name":"(anonymous_5)","decl":{"start":{"line":114,"column":25},"end":{"line":114,"column":null}},"loc":{"start":{"line":118,"column":2},"end":{"line":133,"column":null}}},"6":{"name":"(anonymous_6)","decl":{"start":{"line":136,"column":30},"end":{"line":136,"column":null}},"loc":{"start":{"line":140,"column":2},"end":{"line":145,"column":null}}}},"branchMap":{"0":{"loc":{"start":{"line":73,"column":26},"end":{"line":73,"column":47}},"type":"default-arg","locations":[{"start":{"line":73,"column":37},"end":{"line":73,"column":47}}]},"1":{"loc":{"start":{"line":79,"column":8},"end":{"line":80,"column":null}},"type":"binary-expr","locations":[{"start":{"line":79,"column":8},"end":{"line":79,"column":null}},{"start":{"line":80,"column":10},"end":{"line":80,"column":null}}]},"2":{"loc":{"start":{"line":90,"column":10},"end":{"line":91,"column":null}},"type":"binary-expr","locations":[{"start":{"line":90,"column":10},"end":{"line":90,"column":null}},{"start":{"line":91,"column":12},"end":{"line":91,"column":null}}]}},"s":{"0":3,"1":3,"2":3,"3":3,"4":10,"5":3,"6":3,"7":17,"8":3,"9":3,"10":17,"11":3,"12":3,"13":10,"14":3,"15":3,"16":3,"17":3,"18":3,"19":68,"20":3,"21":3,"22":3,"23":3},"f":{"0":10,"1":17,"2":17,"3":10,"4":3,"5":68,"6":3},"b":{"0":[9],"1":[10,9],"2":[10,9]}}
,"/home/runner/work/hacker-news-japan/hacker-news-japan/src/components/ui/separator.tsx": {"path":"/home/runner/work/hacker-news-japan/hacker-news-japan/src/components/ui/separator.tsx","statementMap":{"0":{"start":{"line":8,"column":18},"end":{"line":28,"column":null}},"1":{"start":{"line":16,"column":4},"end":{"line":28,"column":null}},"2":{"start":{"line":29,"column":0},"end":{"line":29,"column":null}}},"fnMap":{"0":{"name":"(anonymous_0)","decl":{"start":{"line":8,"column":24},"end":{"line":8,"column":null}},"loc":{"start":{"line":16,"column":4},"end":{"line":28,"column":null}}}},"branchMap":{"0":{"loc":{"start":{"line":13,"column":17},"end":{"line":13,"column":45}},"type":"default-arg","locations":[{"start":{"line":13,"column":31},"end":{"line":13,"column":45}}]},"1":{"loc":{"start":{"line":13,"column":45},"end":{"line":13,"column":64}},"type":"default-arg","locations":[{"start":{"line":13,"column":58},"end":{"line":13,"column":64}}]},"2":{"loc":{"start":{"line":22,"column":8},"end":{"line":22,"column":null}},"type":"cond-expr","locations":[{"start":{"line":22,"column":39},"end":{"line":22,"column":58}},{"start":{"line":22,"column":58},"end":{"line":22,"column":null}}]}},"s":{"0":2,"1":40,"2":2},"f":{"0":40},"b":{"0":[39],"1":[39],"2":[39,1]}}
,"/home/runner/work/hacker-news-japan/hacker-news-japan/src/components/ui/skeleton.tsx": {"path":"/home/runner/work/hacker-news-japan/hacker-news-japan/src/components/ui/skeleton.tsx","statementMap":{"0":{"start":{"line":8,"column":2},"end":{"line":12,"column":null}}},"fnMap":{"0":{"name":"Skeleton","decl":{"start":{"line":4,"column":9},"end":{"line":4,"column":18}},"loc":{"start":{"line":7,"column":41},"end":{"line":14,"column":null}}}},"branchMap":{},"s":{"0":234},"f":{"0":234},"b":{}}
,"/home/runner/work/hacker-news-japan/hacker-news-japan/src/components/ui/textarea.tsx": {"path":"/home/runner/work/hacker-news-japan/hacker-news-japan/src/components/ui/textarea.tsx","statementMap":{"0":{"start":{"line":5,"column":17},"end":{"line":19,"column":null}},"1":{"start":{"line":9,"column":2},"end":{"line":17,"column":null}},"2":{"start":{"line":20,"column":0},"end":{"line":20,"column":null}}},"fnMap":{"0":{"name":"(anonymous_0)","decl":{"start":{"line":5,"column":23},"end":{"line":5,"column":null}},"loc":{"start":{"line":8,"column":36},"end":{"line":19,"column":1}}}},"branchMap":{},"s":{"0":2,"1":2,"2":2},"f":{"0":2},"b":{}}
,"/home/runner/work/hacker-news-japan/hacker-news-japan/src/components/ui/toggle-group.tsx": {"path":"/home/runner/work/hacker-news-japan/hacker-news-japan/src/components/ui/toggle-group.tsx","statementMap":{"0":{"start":{"line":10,"column":27},"end":{"line":15,"column":null}},"1":{"start":{"line":17,"column":20},"end":{"line":31,"column":null}},"2":{"start":{"line":22,"column":2},"end":{"line":31,"column":null}},"3":{"start":{"line":33,"column":0},"end":{"line":33,"column":null}},"4":{"start":{"line":35,"column":24},"end":{"line":57,"column":null}},"5":{"start":{"line":40,"column":18},"end":{"line":40,"column":null}},"6":{"start":{"line":42,"column":2},"end":{"line":55,"column":null}},"7":{"start":{"line":59,"column":0},"end":{"line":59,"column":null}}},"fnMap":{"0":{"name":"(anonymous_0)","decl":{"start":{"line":17,"column":26},"end":{"line":17,"column":null}},"loc":{"start":{"line":22,"column":2},"end":{"line":31,"column":null}}},"1":{"name":"(anonymous_1)","decl":{"start":{"line":35,"column":30},"end":{"line":35,"column":null}},"loc":{"start":{"line":39,"column":61},"end":{"line":57,"column":1}}}},"branchMap":{"0":{"loc":{"start":{"line":47,"column":19},"end":{"line":47,"column":null}},"type":"binary-expr","locations":[{"start":{"line":47,"column":19},"end":{"line":47,"column":38}},{"start":{"line":47,"column":38},"end":{"line":47,"column":null}}]},"1":{"loc":{"start":{"line":48,"column":16},"end":{"line":48,"column":null}},"type":"binary-expr","locations":[{"start":{"line":48,"column":16},"end":{"line":48,"column":32}},{"start":{"line":48,"column":32},"end":{"line":48,"column":null}}]}},"s":{"0":3,"1":3,"2":18,"3":3,"4":3,"5":82,"6":82,"7":3},"f":{"0":18,"1":82},"b":{"0":[82,81],"1":[82,81]}}
,"/home/runner/work/hacker-news-japan/hacker-news-japan/src/components/ui/toggle.tsx": {"path":"/home/runner/work/hacker-news-japan/hacker-news-japan/src/components/ui/toggle.tsx","statementMap":{"0":{"start":{"line":9,"column":23},"end":{"line":29,"column":null}},"1":{"start":{"line":31,"column":15},"end":{"line":41,"column":null}},"2":{"start":{"line":36,"column":2},"end":{"line":41,"column":null}},"3":{"start":{"line":43,"column":0},"end":{"line":43,"column":null}}},"fnMap":{"0":{"name":"(anonymous_0)","decl":{"start":{"line":31,"column":21},"end":{"line":31,"column":null}},"loc":{"start":{"line":36,"column":2},"end":{"line":41,"column":null}}}},"branchMap":{},"s":{"0":3,"1":3,"2":1,"3":3},"f":{"0":1},"b":{}}
,"/home/runner/work/hacker-news-japan/hacker-news-japan/src/components/ui/tooltip.tsx": {"path":"/home/runner/work/hacker-news-japan/hacker-news-japan/src/components/ui/tooltip.tsx","statementMap":{"0":{"start":{"line":8,"column":24},"end":{"line":8,"column":null}},"1":{"start":{"line":10,"column":16},"end":{"line":10,"column":null}},"2":{"start":{"line":12,"column":23},"end":{"line":12,"column":null}},"3":{"start":{"line":14,"column":23},"end":{"line":29,"column":null}},"4":{"start":{"line":18,"column":2},"end":{"line":29,"column":null}},"5":{"start":{"line":30,"column":0},"end":{"line":30,"column":null}}},"fnMap":{"0":{"name":"(anonymous_0)","decl":{"start":{"line":14,"column":29},"end":{"line":14,"column":null}},"loc":{"start":{"line":18,"column":2},"end":{"line":29,"column":null}}}},"branchMap":{"0":{"loc":{"start":{"line":17,"column":16},"end":{"line":17,"column":32}},"type":"default-arg","locations":[{"start":{"line":17,"column":29},"end":{"line":17,"column":32}}]}},"s":{"0":1,"1":1,"2":1,"3":1,"4":1,"5":1},"f":{"0":1},"b":{"0":[1]}}
,"/home/runner/work/hacker-news-japan/hacker-news-japan/src/hooks/useDebounce.ts": {"path":"/home/runner/work/hacker-news-japan/hacker-news-japan/src/hooks/useDebounce.ts","statementMap":{"0":{"start":{"line":6,"column":46},"end":{"line":6,"column":null}},"1":{"start":{"line":8,"column":2},"end":{"line":14,"column":null}},"2":{"start":{"line":9,"column":20},"end":{"line":11,"column":null}},"3":{"start":{"line":10,"column":6},"end":{"line":10,"column":null}},"4":{"start":{"line":13,"column":4},"end":{"line":13,"column":null}},"5":{"start":{"line":13,"column":17},"end":{"line":13,"column":null}},"6":{"start":{"line":16,"column":2},"end":{"line":16,"column":null}}},"fnMap":{"0":{"name":"useDebounce","decl":{"start":{"line":5,"column":16},"end":{"line":5,"column":31}},"loc":{"start":{"line":5,"column":67},"end":{"line":17,"column":null}}},"1":{"name":"(anonymous_1)","decl":{"start":{"line":8,"column":2},"end":{"line":8,"column":18}},"loc":{"start":{"line":8,"column":18},"end":{"line":14,"column":5}}},"2":{"name":"(anonymous_2)","decl":{"start":{"line":9,"column":20},"end":{"line":9,"column":37}},"loc":{"start":{"line":9,"column":37},"end":{"line":11,"column":7}}},"3":{"name":"(anonymous_3)","decl":{"start":{"line":13,"column":4},"end":{"line":13,"column":17}},"loc":{"start":{"line":13,"column":17},"end":{"line":13,"column":null}}}},"branchMap":{"0":{"loc":{"start":{"line":5,"column":41},"end":{"line":5,"column":67}},"type":"default-arg","locations":[{"start":{"line":5,"column":59},"end":{"line":5,"column":67}}]}},"s":{"0":74,"1":74,"2":22,"3":3,"4":22,"5":22,"6":74},"f":{"0":74,"1":22,"2":3,"3":22},"b":{"0":[1]}}
,"/home/runner/work/hacker-news-japan/hacker-news-japan/src/hooks/useSearch.ts": {"path":"/home/runner/work/hacker-news-japan/hacker-news-japan/src/hooks/useSearch.ts","statementMap":{"0":{"start":{"line":28,"column":17},"end":{"line":28,"column":null}},"1":{"start":{"line":29,"column":23},"end":{"line":29,"column":null}},"2":{"start":{"line":32,"column":23},"end":{"line":32,"column":null}},"3":{"start":{"line":34,"column":5},"end":{"line":34,"column":null}},"4":{"start":{"line":36,"column":5},"end":{"line":36,"column":null}},"5":{"start":{"line":38,"column":5},"end":{"line":38,"column":null}},"6":{"start":{"line":39,"column":22},"end":{"line":39,"column":null}},"7":{"start":{"line":42,"column":33},"end":{"line":42,"column":null}},"8":{"start":{"line":43,"column":36},"end":{"line":43,"column":null}},"9":{"start":{"line":44,"column":36},"end":{"line":44,"column":null}},"10":{"start":{"line":45,"column":30},"end":{"line":45,"column":null}},"11":{"start":{"line":46,"column":31},"end":{"line":46,"column":null}},"12":{"start":{"line":49,"column":25},"end":{"line":49,"column":null}},"13":{"start":{"line":52,"column":32},"end":{"line":52,"column":null}},"14":{"start":{"line":53,"column":36},"end":{"line":53,"column":null}},"15":{"start":{"line":54,"column":28},"end":{"line":54,"column":null}},"16":{"start":{"line":57,"column":20},"end":{"line":72,"column":null}},"17":{"start":{"line":59,"column":21},"end":{"line":65,"column":null}},"18":{"start":{"line":68,"column":18},"end":{"line":68,"column":null}},"19":{"start":{"line":69,"column":6},"end":{"line":69,"column":null}},"20":{"start":{"line":75,"column":2},"end":{"line":110,"column":null}},"21":{"start":{"line":77,"column":4},"end":{"line":77,"column":null}},"22":{"start":{"line":77,"column":34},"end":{"line":77,"column":null}},"23":{"start":{"line":79,"column":23},"end":{"line":79,"column":null}},"24":{"start":{"line":80,"column":25},"end":{"line":105,"column":null}},"25":{"start":{"line":81,"column":6},"end":{"line":81,"column":null}},"26":{"start":{"line":82,"column":6},"end":{"line":82,"column":null}},"27":{"start":{"line":84,"column":6},"end":{"line":104,"column":null}},"28":{"start":{"line":85,"column":21},"end":{"line":91,"column":null}},"29":{"start":{"line":92,"column":8},"end":{"line":94,"column":null}},"30":{"start":{"line":93,"column":10},"end":{"line":93,"column":null}},"31":{"start":{"line":96,"column":8},"end":{"line":99,"column":null}},"32":{"start":{"line":97,"column":10},"end":{"line":97,"column":null}},"33":{"start":{"line":98,"column":10},"end":{"line":98,"column":null}},"34":{"start":{"line":101,"column":8},"end":{"line":103,"column":null}},"35":{"start":{"line":102,"column":10},"end":{"line":102,"column":null}},"36":{"start":{"line":108,"column":4},"end":{"line":108,"column":null}},"37":{"start":{"line":109,"column":4},"end":{"line":109,"column":null}},"38":{"start":{"line":109,"column":17},"end":{"line":109,"column":null}},"39":{"start":{"line":113,"column":19},"end":{"line":118,"column":null}},"40":{"start":{"line":114,"column":4},"end":{"line":114,"column":null}},"41":{"start":{"line":116,"column":4},"end":{"line":116,"column":null}},"42":{"start":{"line":117,"column":4},"end":{"line":117,"column":null}},"43":{"start":{"line":120,"column":29},"end":{"line":124,"column":null}},"44":{"start":{"line":121,"column":4},"end":{"line":121,"column":null}},"45":{"start":{"line":122,"column":4},"end":{"line":122,"column":null}},"46":{"start":{"line":123,"column":4},"end":{"line":123,"column":null}},"47":{"start":{"line":126,"column":29},"end":{"line":130,"column":null}},"48":{"start":{"line":127,"column":4},"end":{"line":127,"column":null}},"49":{"start":{"line":128,"column":4},"end":{"line":128,"column":null}},"50":{"start":{"line":129,"column":4},"end":{"line":129,"column":null}},"51":{"start":{"line":132,"column":26},"end":{"line":136,"column":null}},"52":{"start":{"line":133,"column":4},"end":{"line":133,"column":null}},"53":{"start":{"line":134,"column":4},"end":{"line":134,"column":null}},"54":{"start":{"line":135,"column":4},"end":{"line":135,"column":null}},"55":{"start":{"line":138,"column":18},"end":{"line":141,"column":null}},"56":{"start":{"line":139,"column":4},"end":{"line":139,"column":null}},"57":{"start":{"line":140,"column":4},"end":{"line":140,"column":null}},"58":{"start":{"line":143,"column":2},"end":{"line":157,"column":null}}},"fnMap":{"0":{"name":"useSearch","decl":{"start":{"line":27,"column":16},"end":{"line":27,"column":45}},"loc":{"start":{"line":27,"column":45},"end":{"line":158,"column":null}}},"1":{"name":"(anonymous_1)","decl":{"start":{"line":57,"column":20},"end":{"line":57,"column":null}},"loc":{"start":{"line":58,"column":72},"end":{"line":70,"column":null}}},"2":{"name":"(anonymous_2)","decl":{"start":{"line":75,"column":2},"end":{"line":75,"column":18}},"loc":{"start":{"line":75,"column":18},"end":{"line":110,"column":5}}},"3":{"name":"(anonymous_3)","decl":{"start":{"line":80,"column":25},"end":{"line":80,"column":37}},"loc":{"start":{"line":80,"column":37},"end":{"line":105,"column":null}}},"4":{"name":"(anonymous_4)","decl":{"start":{"line":109,"column":4},"end":{"line":109,"column":17}},"loc":{"start":{"line":109,"column":17},"end":{"line":109,"column":null}}},"5":{"name":"(anonymous_5)","decl":{"start":{"line":113,"column":19},"end":{"line":113,"column":32}},"loc":{"start":{"line":113,"column":53},"end":{"line":118,"column":5}}},"6":{"name":"(anonymous_6)","decl":{"start":{"line":120,"column":29},"end":{"line":120,"column":42}},"loc":{"start":{"line":120,"column":65},"end":{"line":124,"column":5}}},"7":{"name":"(anonymous_7)","decl":{"start":{"line":126,"column":29},"end":{"line":126,"column":42}},"loc":{"start":{"line":126,"column":66},"end":{"line":130,"column":5}}},"8":{"name":"(anonymous_8)","decl":{"start":{"line":132,"column":26},"end":{"line":132,"column":39}},"loc":{"start":{"line":132,"column":59},"end":{"line":136,"column":5}}},"9":{"name":"(anonymous_9)","decl":{"start":{"line":138,"column":18},"end":{"line":138,"column":31}},"loc":{"start":{"line":138,"column":51},"end":{"line":141,"column":5}}}},"branchMap":{"0":{"loc":{"start":{"line":32,"column":23},"end":{"line":32,"column":null}},"type":"binary-expr","locations":[{"start":{"line":32,"column":23},"end":{"line":32,"column":52}},{"start":{"line":32,"column":52},"end":{"line":32,"column":null}}]},"1":{"loc":{"start":{"line":34,"column":5},"end":{"line":34,"column":null}},"type":"binary-expr","locations":[{"start":{"line":34,"column":5},"end":{"line":34,"column":52}},{"start":{"line":34,"column":52},"end":{"line":34,"column":null}}]},"2":{"loc":{"start":{"line":36,"column":5},"end":{"line":36,"column":null}},"type":"binary-expr","locations":[{"start":{"line":36,"column":5},"end":{"line":36,"column":52}},{"start":{"line":36,"column":52},"end":{"line":36,"column":null}}]},"3":{"loc":{"start":{"line":38,"column":5},"end":{"line":38,"column":null}},"type":"binary-expr","locations":[{"start":{"line":38,"column":5},"end":{"line":38,"column":46}},{"start":{"line":38,"column":46},"end":{"line":38,"column":null}}]},"4":{"loc":{"start":{"line":39,"column":31},"end":{"line":39,"column":64}},"type":"binary-expr","locations":[{"start":{"line":39,"column":31},"end":{"line":39,"column":59}},{"start":{"line":39,"column":59},"end":{"line":39,"column":64}}]},"5":{"loc":{"start":{"line":77,"column":4},"end":{"line":77,"column":null}},"type":"if","locations":[{"start":{"line":77,"column":4},"end":{"line":77,"column":null}},{"start":{},"end":{}}]},"6":{"loc":{"start":{"line":92,"column":8},"end":{"line":94,"column":null}},"type":"if","locations":[{"start":{"line":92,"column":8},"end":{"line":94,"column":null}},{"start":{},"end":{}}]},"7":{"loc":{"start":{"line":96,"column":8},"end":{"line":99,"column":null}},"type":"if","locations":[{"start":{"line":96,"column":8},"end":{"line":99,"column":null}},{"start":{},"end":{}}]},"8":{"loc":{"start":{"line":97,"column":19},"end":{"line":97,"column":71}},"type":"cond-expr","locations":[{"start":{"line":97,"column":42},"end":{"line":97,"column":56}},{"start":{"line":97,"column":56},"end":{"line":97,"column":71}}]},"9":{"loc":{"start":{"line":101,"column":8},"end":{"line":103,"column":null}},"type":"if","locations":[{"start":{"line":101,"column":8},"end":{"line":103,"column":null}},{"start":{},"end":{}}]}},"s":{"0":66,"1":66,"2":66,"3":66,"4":66,"5":66,"6":66,"7":66,"8":66,"9":66,"10":66,"11":66,"12":66,"13":66,"14":66,"15":66,"16":66,"17":18,"18":18,"19":18,"20":66,"21":31,"22":9,"23":22,"24":22,"25":22,"26":22,"27":22,"28":22,"29":15,"30":10,"31":7,"32":3,"33":3,"34":22,"35":13,"36":22,"37":22,"38":22,"39":66,"40":4,"41":4,"42":4,"43":66,"44":3,"45":3,"46":3,"47":66,"48":2,"49":2,"50":2,"51":66,"52":2,"53":2,"54":2,"55":66,"56":7,"57":7,"58":66},"f":{"0":66,"1":18,"2":31,"3":22,"4":22,"5":4,"6":3,"7":2,"8":2,"9":7},"b":{"0":[66,47],"1":[66,55],"2":[66,55],"3":[66,55],"4":[66,47],"5":[9,22],"6":[10,5],"7":[3,4],"8":[2,1],"9":[13,9]}}
,"/home/runner/work/hacker-news-japan/hacker-news-japan/src/lib/algolia.ts": {"path":"/home/runner/work/hacker-news-japan/hacker-news-japan/src/lib/algolia.ts","statementMap":{"0":{"start":{"line":4,"column":25},"end":{"line":4,"column":null}},"1":{"start":{"line":7,"column":14},"end":{"line":7,"column":null}},"2":{"start":{"line":9,"column":2},"end":{"line":22,"column":null}},"3":{"start":{"line":11,"column":6},"end":{"line":11,"column":null}},"4":{"start":{"line":13,"column":6},"end":{"line":13,"column":null}},"5":{"start":{"line":15,"column":6},"end":{"line":15,"column":null}},"6":{"start":{"line":17,"column":6},"end":{"line":17,"column":null}},"7":{"start":{"line":19,"column":6},"end":{"line":19,"column":null}},"8":{"start":{"line":21,"column":6},"end":{"line":21,"column":null}},"9":{"start":{"line":33,"column":20},"end":{"line":33,"column":null}},"10":{"start":{"line":38,"column":19},"end":{"line":38,"column":null}},"11":{"start":{"line":39,"column":18},"end":{"line":39,"column":null}},"12":{"start":{"line":41,"column":17},"end":{"line":45,"column":null}},"13":{"start":{"line":48,"column":2},"end":{"line":53,"column":null}},"14":{"start":{"line":49,"column":4},"end":{"line":49,"column":null}},"15":{"start":{"line":52,"column":4},"end":{"line":52,"column":null}},"16":{"start":{"line":56,"column":24},"end":{"line":56,"column":null}},"17":{"start":{"line":57,"column":2},"end":{"line":59,"column":null}},"18":{"start":{"line":58,"column":4},"end":{"line":58,"column":null}},"19":{"start":{"line":62,"column":2},"end":{"line":64,"column":null}},"20":{"start":{"line":63,"column":4},"end":{"line":63,"column":null}},"21":{"start":{"line":66,"column":2},"end":{"line":66,"column":null}},"22":{"start":{"line":74,"column":2},"end":{"line":80,"column":null}},"23":{"start":{"line":75,"column":4},"end":{"line":79,"column":null}},"24":{"start":{"line":82,"column":2},"end":{"line":84,"column":null}},"25":{"start":{"line":83,"column":4},"end":{"line":83,"column":null}},"26":{"start":{"line":86,"column":19},"end":{"line":86,"column":null}},"27":{"start":{"line":88,"column":2},"end":{"line":90,"column":null}},"28":{"start":{"line":89,"column":4},"end":{"line":89,"column":null}},"29":{"start":{"line":92,"column":2},"end":{"line":92,"column":null}},"30":{"start":{"line":99,"column":19},"end":{"line":99,"column":null}},"31":{"start":{"line":101,"column":2},"end":{"line":114,"column":null}},"32":{"start":{"line":103,"column":6},"end":{"line":103,"column":null}},"33":{"start":{"line":103,"column":31},"end":{"line":103,"column":70}},"34":{"start":{"line":105,"column":6},"end":{"line":105,"column":null}},"35":{"start":{"line":105,"column":31},"end":{"line":105,"column":82}},"36":{"start":{"line":107,"column":6},"end":{"line":107,"column":null}},"37":{"start":{"line":107,"column":37},"end":{"line":107,"column":68}},"38":{"start":{"line":111,"column":6},"end":{"line":111,"column":null}},"39":{"start":{"line":113,"column":6},"end":{"line":113,"column":null}}},"fnMap":{"0":{"name":"getUnixTimestamp","decl":{"start":{"line":6,"column":16},"end":{"line":6,"column":33}},"loc":{"start":{"line":6,"column":70},"end":{"line":23,"column":null}}},"1":{"name":"buildAlgoliaURL","decl":{"start":{"line":25,"column":16},"end":{"line":25,"column":null}},"loc":{"start":{"line":31,"column":10},"end":{"line":67,"column":null}}},"2":{"name":"fetchFromAlgolia","decl":{"start":{"line":69,"column":22},"end":{"line":69,"column":null}},"loc":{"start":{"line":72,"column":28},"end":{"line":93,"column":null}}},"3":{"name":"sortHitsByStrategy","decl":{"start":{"line":95,"column":16},"end":{"line":95,"column":null}},"loc":{"start":{"line":98,"column":13},"end":{"line":115,"column":null}}},"4":{"name":"(anonymous_4)","decl":{"start":{"line":103,"column":22},"end":{"line":103,"column":28}},"loc":{"start":{"line":103,"column":31},"end":{"line":103,"column":70}}},"5":{"name":"(anonymous_5)","decl":{"start":{"line":105,"column":22},"end":{"line":105,"column":28}},"loc":{"start":{"line":105,"column":31},"end":{"line":105,"column":82}}},"6":{"name":"(anonymous_6)","decl":{"start":{"line":107,"column":22},"end":{"line":107,"column":28}},"loc":{"start":{"line":107,"column":37},"end":{"line":107,"column":68}}}},"branchMap":{"0":{"loc":{"start":{"line":9,"column":2},"end":{"line":22,"column":null}},"type":"switch","locations":[{"start":{"line":10,"column":4},"end":{"line":11,"column":null}},{"start":{"line":12,"column":4},"end":{"line":13,"column":null}},{"start":{"line":14,"column":4},"end":{"line":15,"column":null}},{"start":{"line":16,"column":4},"end":{"line":17,"column":null}},{"start":{"line":18,"column":4},"end":{"line":19,"column":null}},{"start":{"line":20,"column":4},"end":{"line":21,"column":null}}]},"1":{"loc":{"start":{"line":33,"column":20},"end":{"line":33,"column":null}},"type":"cond-expr","locations":[{"start":{"line":33,"column":28},"end":{"line":33,"column":47}},{"start":{"line":33,"column":47},"end":{"line":33,"column":null}}]},"2":{"loc":{"start":{"line":38,"column":19},"end":{"line":38,"column":null}},"type":"cond-expr","locations":[{"start":{"line":38,"column":44},"end":{"line":38,"column":63}},{"start":{"line":38,"column":63},"end":{"line":38,"column":null}}]},"3":{"loc":{"start":{"line":48,"column":2},"end":{"line":53,"column":null}},"type":"if","locations":[{"start":{"line":48,"column":2},"end":{"line":53,"column":null}},{"start":{"line":50,"column":9},"end":{"line":53,"column":null}}]},"4":{"loc":{"start":{"line":57,"column":2},"end":{"line":59,"column":null}},"type":"if","locations":[{"start":{"line":57,"column":2},"end":{"line":59,"column":null}},{"start":{},"end":{}}]},"5":{"loc":{"start":{"line":62,"column":2},"end":{"line":64,"column":null}},"type":"if","locations":[{"start":{"line":62,"column":2},"end":{"line":64,"column":null}},{"start":{},"end":{}}]},"6":{"loc":{"start":{"line":74,"column":2},"end":{"line":80,"column":null}},"type":"if","locations":[{"start":{"line":74,"column":2},"end":{"line":80,"column":null}},{"start":{},"end":{}}]},"7":{"loc":{"start":{"line":82,"column":2},"end":{"line":84,"column":null}},"type":"if","locations":[{"start":{"line":82,"column":2},"end":{"line":84,"column":null}},{"start":{},"end":{}}]},"8":{"loc":{"start":{"line":88,"column":2},"end":{"line":90,"column":null}},"type":"if","locations":[{"start":{"line":88,"column":2},"end":{"line":90,"column":null}},{"start":{},"end":{}}]},"9":{"loc":{"start":{"line":101,"column":2},"end":{"line":114,"column":null}},"type":"switch","locations":[{"start":{"line":102,"column":4},"end":{"line":103,"column":null}},{"start":{"line":104,"column":4},"end":{"line":105,"column":null}},{"start":{"line":106,"column":4},"end":{"line":107,"column":null}},{"start":{"line":108,"column":4},"end":{"line":108,"column":null}},{"start":{"line":109,"column":4},"end":{"line":111,"column":null}},{"start":{"line":112,"column":4},"end":{"line":113,"column":null}}]},"10":{"loc":{"start":{"line":103,"column":38},"end":{"line":103,"column":56}},"type":"binary-expr","locations":[{"start":{"line":103,"column":38},"end":{"line":103,"column":50}},{"start":{"line":103,"column":50},"end":{"line":103,"column":56}}]},"11":{"loc":{"start":{"line":103,"column":56},"end":{"line":103,"column":70}},"type":"binary-expr","locations":[{"start":{"line":103,"column":56},"end":{"line":103,"column":68}},{"start":{"line":103,"column":68},"end":{"line":103,"column":70}}]},"12":{"loc":{"start":{"line":105,"column":38},"end":{"line":105,"column":62}},"type":"binary-expr","locations":[{"start":{"line":105,"column":38},"end":{"line":105,"column":56}},{"start":{"line":105,"column":56},"end":{"line":105,"column":62}}]},"13":{"loc":{"start":{"line":105,"column":62},"end":{"line":105,"column":82}},"type":"binary-expr","locations":[{"start":{"line":105,"column":62},"end":{"line":105,"column":80}},{"start":{"line":105,"column":80},"end":{"line":105,"column":82}}]}},"s":{"0":2,"1":29,"2":29,"3":3,"4":3,"5":2,"6":2,"7":18,"8":1,"9":18,"10":18,"11":18,"12":18,"13":18,"14":2,"15":16,"16":18,"17":18,"18":2,"19":18,"20":5,"21":18,"22":8,"23":2,"24":8,"25":2,"26":8,"27":5,"28":2,"29":3,"30":16,"31":16,"32":5,"33":11,"34":4,"35":7,"36":2,"37":5,"38":4,"39":1},"f":{"0":29,"1":18,"2":8,"3":16,"4":11,"5":7,"6":5},"b":{"0":[3,3,2,2,18,1],"1":[2,16],"2":[5,13],"3":[2,16],"4":[2,16],"5":[5,13],"6":[2,6],"7":[2,6],"8":[2,3],"9":[5,4,2,2,4,1],"10":[11,5],"11":[11,3],"12":[7,3],"13":[7,2]}}
,"/home/runner/work/hacker-news-japan/hacker-news-japan/src/lib/api.ts": {"path":"/home/runner/work/hacker-news-japan/hacker-news-japan/src/lib/api.ts","statementMap":{"0":{"start":{"line":12,"column":14},"end":{"line":18,"column":null}},"1":{"start":{"line":20,"column":15},"end":{"line":20,"column":null}},"2":{"start":{"line":26,"column":2},"end":{"line":32,"column":null}},"3":{"start":{"line":31,"column":4},"end":{"line":31,"column":null}},"4":{"start":{"line":34,"column":2},"end":{"line":34,"column":null}}},"fnMap":{"0":{"name":"searchStories","decl":{"start":{"line":8,"column":22},"end":{"line":8,"column":null}},"loc":{"start":{"line":11,"column":28},"end":{"line":35,"column":null}}}},"branchMap":{"0":{"loc":{"start":{"line":26,"column":2},"end":{"line":32,"column":null}},"type":"if","locations":[{"start":{"line":26,"column":2},"end":{"line":32,"column":null}},{"start":{},"end":{}}]},"1":{"loc":{"start":{"line":27,"column":4},"end":{"line":29,"column":null}},"type":"binary-expr","locations":[{"start":{"line":27,"column":4},"end":{"line":27,"column":null}},{"start":{"line":28,"column":4},"end":{"line":28,"column":null}},{"start":{"line":29,"column":4},"end":{"line":29,"column":null}}]}},"s":{"0":6,"1":6,"2":5,"3":3,"4":5},"f":{"0":6},"b":{"0":[3,2],"1":[5,4,3]}}
,"/home/runner/work/hacker-news-japan/hacker-news-japan/src/lib/constants.ts": {"path":"/home/runner/work/hacker-news-japan/hacker-news-japan/src/lib/constants.ts","statementMap":{"0":{"start":{"line":3,"column":29},"end":{"line":3,"column":null}},"1":{"start":{"line":5,"column":73},"end":{"line":11,"column":null}},"2":{"start":{"line":13,"column":73},"end":{"line":19,"column":null}},"3":{"start":{"line":21,"column":67},"end":{"line":27,"column":null}},"4":{"start":{"line":29,"column":37},"end":{"line":35,"column":null}}},"fnMap":{},"branchMap":{},"s":{"0":5,"1":5,"2":5,"3":5,"4":5},"f":{},"b":{}}
,"/home/runner/work/hacker-news-japan/hacker-news-japan/src/lib/utils.ts": {"path":"/home/runner/work/hacker-news-japan/hacker-news-japan/src/lib/utils.ts","statementMap":{"0":{"start":{"line":6,"column":2},"end":{"line":6,"column":null}},"1":{"start":{"line":10,"column":2},"end":{"line":15,"column":null}},"2":{"start":{"line":11,"column":17},"end":{"line":11,"column":null}},"3":{"start":{"line":12,"column":4},"end":{"line":12,"column":null}},"4":{"start":{"line":14,"column":4},"end":{"line":14,"column":null}},"5":{"start":{"line":19,"column":2},"end":{"line":19,"column":null}},"6":{"start":{"line":19,"column":12},"end":{"line":19,"column":null}},"7":{"start":{"line":20,"column":2},"end":{"line":25,"column":null}},"8":{"start":{"line":21,"column":19},"end":{"line":21,"column":null}},"9":{"start":{"line":22,"column":4},"end":{"line":22,"column":null}},"10":{"start":{"line":24,"column":4},"end":{"line":24,"column":null}}},"fnMap":{"0":{"name":"cn","decl":{"start":{"line":5,"column":16},"end":{"line":5,"column":19}},"loc":{"start":{"line":5,"column":44},"end":{"line":7,"column":null}}},"1":{"name":"formatRelativeTime","decl":{"start":{"line":9,"column":16},"end":{"line":9,"column":35}},"loc":{"start":{"line":9,"column":63},"end":{"line":16,"column":null}}},"2":{"name":"getDomain","decl":{"start":{"line":18,"column":16},"end":{"line":18,"column":26}},"loc":{"start":{"line":18,"column":54},"end":{"line":26,"column":null}}}},"branchMap":{"0":{"loc":{"start":{"line":19,"column":2},"end":{"line":19,"column":null}},"type":"if","locations":[{"start":{"line":19,"column":2},"end":{"line":19,"column":null}},{"start":{},"end":{}}]}},"s":{"0":975,"1":12,"2":12,"3":12,"4":1,"5":13,"6":2,"7":11,"8":11,"9":9,"10":2},"f":{"0":975,"1":12,"2":13},"b":{"0":[2,11]}}
}
